2023-07-20 21:32:35,355 INFO o.a.j.u.JMeterUtils: Setting Locale to en_EN
2023-07-20 21:32:35,399 INFO o.a.j.JMeter: Loading user properties from: /usr/local/Cellar/jmeter/5.6.2/libexec/bin/user.properties
2023-07-20 21:32:35,399 INFO o.a.j.JMeter: Loading system properties from: /usr/local/Cellar/jmeter/5.6.2/libexec/bin/system.properties
2023-07-20 21:32:35,413 INFO o.a.j.JMeter: Copyright (c) 1998-2023 The Apache Software Foundation
2023-07-20 21:32:35,414 INFO o.a.j.JMeter: Version 5.6.2
2023-07-20 21:32:35,414 INFO o.a.j.JMeter: java.version=17.0.8
2023-07-20 21:32:35,414 INFO o.a.j.JMeter: java.vm.name=OpenJDK 64-Bit Server VM
2023-07-20 21:32:35,415 INFO o.a.j.JMeter: os.name=Mac OS X
2023-07-20 21:32:35,415 INFO o.a.j.JMeter: os.arch=x86_64
2023-07-20 21:32:35,415 INFO o.a.j.JMeter: os.version=12.6.7
2023-07-20 21:32:35,415 INFO o.a.j.JMeter: file.encoding=UTF-8
2023-07-20 21:32:35,415 INFO o.a.j.JMeter: java.awt.headless=true
2023-07-20 21:32:35,416 INFO o.a.j.JMeter: Max memory     =1073741824
2023-07-20 21:32:35,416 INFO o.a.j.JMeter: Available Processors =4
2023-07-20 21:32:35,430 INFO o.a.j.JMeter: Default Locale=English (EN)
2023-07-20 21:32:35,431 INFO o.a.j.JMeter: JMeter  Locale=English (EN)
2023-07-20 21:32:35,431 INFO o.a.j.JMeter: JMeterHome=/usr/local/Cellar/jmeter/5.6.2/libexec
2023-07-20 21:32:35,431 INFO o.a.j.JMeter: user.dir  =/Users/riyan/Documents/jmeter
2023-07-20 21:32:35,431 INFO o.a.j.JMeter: PWD       =/Users/riyan/Documents/jmeter
2023-07-20 21:32:35,433 INFO o.a.j.JMeter: IP: 192.168.1.6 Name: Riyans-MacBook-Air.local FullName: 192.168.1.6
2023-07-20 21:32:35,461 INFO o.a.j.JMeter: Setting property 'jmeter.reportgenerator.outputdir' to:'/Users/riyan/Documents/jmeter/report_output_folder'
2023-07-20 21:32:35,466 INFO o.a.j.s.FileServer: Default base='/Users/riyan/Documents/jmeter'
2023-07-20 21:32:35,471 INFO o.a.j.s.FileServer: Set new base='/Users/riyan/Documents/jmeter'
2023-07-20 21:32:35,995 INFO o.a.j.s.SaveService: Testplan (JMX) version: 2.2. Testlog (JTL) version: 2.2
2023-07-20 21:32:36,063 INFO o.a.j.s.SaveService: Using SaveService properties version 5.0
2023-07-20 21:32:36,072 INFO o.a.j.s.SaveService: Using SaveService properties file encoding UTF-8
2023-07-20 21:32:36,079 INFO o.a.j.s.SaveService: Loading file: sample_pt.jmx
2023-07-20 21:32:36,215 INFO o.a.j.p.h.s.HTTPSamplerBase: Parser for text/html is org.apache.jmeter.protocol.http.parser.LagartoBasedHtmlParser
2023-07-20 21:32:36,215 INFO o.a.j.p.h.s.HTTPSamplerBase: Parser for application/xhtml+xml is org.apache.jmeter.protocol.http.parser.LagartoBasedHtmlParser
2023-07-20 21:32:36,216 INFO o.a.j.p.h.s.HTTPSamplerBase: Parser for application/xml is org.apache.jmeter.protocol.http.parser.LagartoBasedHtmlParser
2023-07-20 21:32:36,216 INFO o.a.j.p.h.s.HTTPSamplerBase: Parser for text/xml is org.apache.jmeter.protocol.http.parser.LagartoBasedHtmlParser
2023-07-20 21:32:36,216 INFO o.a.j.p.h.s.HTTPSamplerBase: Parser for text/vnd.wap.wml is org.apache.jmeter.protocol.http.parser.RegexpHTMLParser
2023-07-20 21:32:36,216 INFO o.a.j.p.h.s.HTTPSamplerBase: Parser for text/css is org.apache.jmeter.protocol.http.parser.CssParser
2023-07-20 21:32:36,289 INFO o.a.j.JMeter: Creating summariser <summary>
2023-07-20 21:32:36,304 INFO o.a.j.r.d.ReportGenerator: ReportGenerator will use for Parsing the separator: ','
2023-07-20 21:32:36,304 INFO o.a.j.r.d.ReportGenerator: Will generate report at end of test from  results file: test_results.jtl
2023-07-20 21:32:36,305 INFO o.a.j.r.d.ReportGenerator: Reading report generator properties from: /usr/local/Cellar/jmeter/5.6.2/libexec/bin/reportgenerator.properties
2023-07-20 21:32:36,307 INFO o.a.j.r.d.ReportGenerator: Merging with JMeter properties
2023-07-20 21:32:36,317 INFO o.a.j.r.c.ReportGeneratorConfiguration: Property 'jmeter.reportgenerator.temp_dir' not found, using default value 'temp' instead.
2023-07-20 21:32:36,329 INFO o.a.j.r.c.ReportGeneratorConfiguration: Property 'jmeter.reportgenerator.apdex_per_transaction' not found, using default value 'null' instead.
2023-07-20 21:32:36,329 INFO o.a.j.r.c.ReportGeneratorConfiguration: apdex_per_transaction is empty, not APDEX per transaction customization
2023-07-20 21:32:36,330 INFO o.a.j.r.c.ReportGeneratorConfiguration: Property 'jmeter.reportgenerator.sample_filter' not found, using default value 'null' instead.
2023-07-20 21:32:36,330 INFO o.a.j.r.c.ReportGeneratorConfiguration: Property 'jmeter.reportgenerator.report_title' not found, using default value 'null' instead.
2023-07-20 21:32:36,331 INFO o.a.j.r.c.ReportGeneratorConfiguration: Property 'jmeter.reportgenerator.start_date' not found, using default value 'null' instead.
2023-07-20 21:32:36,331 INFO o.a.j.r.c.ReportGeneratorConfiguration: Property 'jmeter.reportgenerator.end_date' not found, using default value 'null' instead.
2023-07-20 21:32:36,331 INFO o.a.j.r.c.ReportGeneratorConfiguration: Property 'jmeter.reportgenerator.date_format' not found, using default value 'null' instead.
2023-07-20 21:32:36,332 INFO o.a.j.r.c.ReportGeneratorConfiguration: Will use date range start date: null, end date: null
2023-07-20 21:32:36,342 INFO o.a.j.r.c.ReportGeneratorConfiguration: Property 'jmeter.reportgenerator.graph.totalTPS.exclude_controllers' not found, using default value 'false' instead.
2023-07-20 21:32:36,343 INFO o.a.j.r.c.ReportGeneratorConfiguration: Property 'jmeter.reportgenerator.graph.activeThreadsOverTime.exclude_controllers' not found, using default value 'false' instead.
2023-07-20 21:32:36,343 INFO o.a.j.r.c.ReportGeneratorConfiguration: Property 'jmeter.reportgenerator.graph.timeVsThreads.exclude_controllers' not found, using default value 'false' instead.
2023-07-20 21:32:36,343 INFO o.a.j.r.c.ReportGeneratorConfiguration: Property 'jmeter.reportgenerator.graph.responseTimeDistribution.exclude_controllers' not found, using default value 'false' instead.
2023-07-20 21:32:36,344 INFO o.a.j.r.c.ReportGeneratorConfiguration: Property 'jmeter.reportgenerator.graph.transactionsPerSecond.exclude_controllers' not found, using default value 'false' instead.
2023-07-20 21:32:36,344 INFO o.a.j.r.c.ReportGeneratorConfiguration: Property 'jmeter.reportgenerator.graph.responseTimePercentiles.exclude_controllers' not found, using default value 'false' instead.
2023-07-20 21:32:36,345 INFO o.a.j.r.c.ReportGeneratorConfiguration: Property 'jmeter.reportgenerator.graph.responseTimePercentilesOverTime.exclude_controllers' not found, using default value 'false' instead.
2023-07-20 21:32:36,345 INFO o.a.j.r.c.ReportGeneratorConfiguration: Property 'jmeter.reportgenerator.graph.responseTimesOverTime.exclude_controllers' not found, using default value 'false' instead.
2023-07-20 21:32:36,345 INFO o.a.j.r.c.ReportGeneratorConfiguration: Property 'jmeter.reportgenerator.graph.connectTimeOverTime.exclude_controllers' not found, using default value 'false' instead.
2023-07-20 21:32:36,346 INFO o.a.j.r.c.ReportGeneratorConfiguration: Property 'jmeter.reportgenerator.graph.latenciesOverTime.exclude_controllers' not found, using default value 'false' instead.
2023-07-20 21:32:36,348 INFO o.a.j.r.c.ReportGeneratorConfiguration: Property 'jmeter.reportgenerator.exporter.json.filters_only_sample_series' not found, using default value 'true' instead.
2023-07-20 21:32:36,349 INFO o.a.j.r.c.ReportGeneratorConfiguration: Property 'jmeter.reportgenerator.exporter.json.series_filter' not found, using default value '' instead.
2023-07-20 21:32:36,349 INFO o.a.j.r.c.ReportGeneratorConfiguration: Property 'jmeter.reportgenerator.exporter.json.show_controllers_only' not found, using default value 'false' instead.
2023-07-20 21:32:36,350 INFO o.a.j.r.c.ReportGeneratorConfiguration: Property 'jmeter.reportgenerator.exporter.html.filters_only_sample_series' not found, using default value 'true' instead.
2023-07-20 21:32:36,351 INFO o.a.j.r.c.ReportGeneratorConfiguration: Property 'jmeter.reportgenerator.exporter.html.series_filter' not found, using default value '' instead.
2023-07-20 21:32:36,351 INFO o.a.j.r.c.ReportGeneratorConfiguration: Property 'jmeter.reportgenerator.exporter.html.show_controllers_only' not found, using default value 'false' instead.
2023-07-20 21:32:36,380 INFO o.a.j.e.StandardJMeterEngine: Running the test!
2023-07-20 21:32:36,381 INFO o.a.j.s.SampleEvent: List of sample_variables: []
2023-07-20 21:32:36,382 INFO o.a.j.s.SampleEvent: List of sample_variables: []
2023-07-20 21:32:36,397 INFO o.a.j.e.u.CompoundVariable: Note: Function class names must contain the string: '.functions.'
2023-07-20 21:32:36,397 INFO o.a.j.e.u.CompoundVariable: Note: Function class names must not contain the string: '.gui.'
2023-07-20 21:32:36,549 INFO o.a.j.r.ClassFinder: Will scan jar /usr/local/Cellar/jmeter/5.6.2/libexec/lib/ext/jmeter-plugins-manager-1.9.jar with filter ExtendsClassFilter [parents=[interface org.apache.jmeter.functions.Function], inner=false, contains=null, notContains=null]. Consider exposing JMeter plugins via META-INF/services, and add JMeter-Skip-Class-Scanning=true manifest attribute so JMeter can skip classfile scanning
2023-07-20 21:32:36,813 INFO o.a.j.JMeter: Running test (1689863556812)
2023-07-20 21:32:36,866 INFO o.a.j.e.StandardJMeterEngine: Starting ThreadGroup: 1 : Sample-Test
2023-07-20 21:32:36,866 INFO o.a.j.e.StandardJMeterEngine: Starting 300 threads for group Sample-Test.
2023-07-20 21:32:36,866 INFO o.a.j.e.StandardJMeterEngine: Thread will continue on error
2023-07-20 21:32:36,867 INFO o.a.j.t.ThreadGroup: Starting thread group... number=1 threads=300 ramp-up=1 delayedStart=false
2023-07-20 21:32:36,882 INFO o.a.j.t.JMeterThread: Thread started: Sample-Test 1-1
2023-07-20 21:32:36,883 INFO o.a.j.t.JMeterThread: Thread started: Sample-Test 1-3
2023-07-20 21:32:36,883 INFO o.a.j.t.JMeterThread: Thread started: Sample-Test 1-4
2023-07-20 21:32:36,882 INFO o.a.j.t.JMeterThread: Thread started: Sample-Test 1-5
2023-07-20 21:32:36,885 INFO o.a.j.t.JMeterThread: Thread started: Sample-Test 1-2
2023-07-20 21:32:36,886 INFO o.a.j.t.JMeterThread: Thread started: Sample-Test 1-6
2023-07-20 21:32:36,889 INFO o.a.j.t.JMeterThread: Thread started: Sample-Test 1-7
2023-07-20 21:32:36,892 INFO o.a.j.t.JMeterThread: Thread started: Sample-Test 1-8
2023-07-20 21:32:36,898 INFO o.a.j.t.JMeterThread: Thread started: Sample-Test 1-10
2023-07-20 21:32:36,900 INFO o.a.j.t.JMeterThread: Thread started: Sample-Test 1-9
2023-07-20 21:32:36,901 INFO o.a.j.t.JMeterThread: Thread started: Sample-Test 1-11
2023-07-20 21:32:36,908 INFO o.a.j.t.JMeterThread: Thread started: Sample-Test 1-12
2023-07-20 21:32:36,910 INFO o.a.j.t.JMeterThread: Thread started: Sample-Test 1-14
2023-07-20 21:32:36,910 INFO o.a.j.t.JMeterThread: Thread started: Sample-Test 1-13
2023-07-20 21:32:36,913 INFO o.a.j.t.JMeterThread: Thread started: Sample-Test 1-15
2023-07-20 21:32:36,918 INFO o.a.j.t.JMeterThread: Thread started: Sample-Test 1-16
2023-07-20 21:32:36,921 INFO o.a.j.t.JMeterThread: Thread started: Sample-Test 1-17
2023-07-20 21:32:36,922 INFO o.a.j.t.JMeterThread: Thread started: Sample-Test 1-18
2023-07-20 21:32:36,923 INFO o.a.j.t.JMeterThread: Thread started: Sample-Test 1-19
2023-07-20 21:32:36,929 INFO o.a.j.t.JMeterThread: Thread started: Sample-Test 1-20
2023-07-20 21:32:36,930 INFO o.a.j.t.JMeterThread: Thread started: Sample-Test 1-21
2023-07-20 21:32:36,933 INFO o.a.j.t.JMeterThread: Thread started: Sample-Test 1-22
2023-07-20 21:32:36,935 INFO o.a.j.t.JMeterThread: Thread started: Sample-Test 1-23
2023-07-20 21:32:36,941 INFO o.a.j.t.JMeterThread: Thread started: Sample-Test 1-24
2023-07-20 21:32:36,950 INFO o.a.j.t.JMeterThread: Thread started: Sample-Test 1-25
2023-07-20 21:32:36,957 INFO o.a.j.t.JMeterThread: Thread started: Sample-Test 1-26
2023-07-20 21:32:36,957 INFO o.a.j.t.JMeterThread: Thread started: Sample-Test 1-27
2023-07-20 21:32:36,961 INFO o.a.j.t.JMeterThread: Thread started: Sample-Test 1-28
2023-07-20 21:32:36,962 INFO o.a.j.t.JMeterThread: Thread started: Sample-Test 1-30
2023-07-20 21:32:36,961 INFO o.a.j.t.JMeterThread: Thread started: Sample-Test 1-29
2023-07-20 21:32:36,964 INFO o.a.j.t.JMeterThread: Thread started: Sample-Test 1-32
2023-07-20 21:32:36,964 INFO o.a.j.t.JMeterThread: Thread started: Sample-Test 1-31
2023-07-20 21:32:36,966 INFO o.a.j.t.JMeterThread: Thread started: Sample-Test 1-33
2023-07-20 21:32:36,970 INFO o.a.j.p.h.s.HTTPHCAbstractImpl: Local host = Riyans-MacBook-Air.local
2023-07-20 21:32:36,970 INFO o.a.j.t.JMeterThread: Thread started: Sample-Test 1-34
2023-07-20 21:32:36,973 INFO o.a.j.t.JMeterThread: Thread started: Sample-Test 1-35
2023-07-20 21:32:36,974 INFO o.a.j.t.JMeterThread: Thread started: Sample-Test 1-36
2023-07-20 21:32:36,978 INFO o.a.j.t.JMeterThread: Thread started: Sample-Test 1-37
2023-07-20 21:32:36,982 INFO o.a.j.t.JMeterThread: Thread started: Sample-Test 1-38
2023-07-20 21:32:36,988 INFO o.a.j.t.JMeterThread: Thread started: Sample-Test 1-39
2023-07-20 21:32:36,989 INFO o.a.j.t.JMeterThread: Thread started: Sample-Test 1-40
2023-07-20 21:32:36,993 INFO o.a.j.t.JMeterThread: Thread started: Sample-Test 1-41
2023-07-20 21:32:36,995 INFO o.a.j.t.JMeterThread: Thread started: Sample-Test 1-42
2023-07-20 21:32:37,002 INFO o.a.j.p.h.s.HTTPHC4Impl: HTTP request retry count = 0
2023-07-20 21:32:37,003 INFO o.a.j.t.JMeterThread: Thread started: Sample-Test 1-45
2023-07-20 21:32:37,005 INFO o.a.j.s.SampleResult: Note: Sample TimeStamps are START times
2023-07-20 21:32:37,005 INFO o.a.j.s.SampleResult: sampleresult.default.encoding is set to UTF-8
2023-07-20 21:32:37,006 INFO o.a.j.s.SampleResult: sampleresult.useNanoTime=true
2023-07-20 21:32:37,006 INFO o.a.j.s.SampleResult: sampleresult.nanoThreadSleep=5000
2023-07-20 21:32:37,005 INFO o.a.j.t.JMeterThread: Thread started: Sample-Test 1-46
2023-07-20 21:32:37,008 INFO o.a.j.t.JMeterThread: Thread started: Sample-Test 1-47
2023-07-20 21:32:37,010 INFO o.a.j.t.JMeterThread: Thread started: Sample-Test 1-44
2023-07-20 21:32:37,012 INFO o.a.j.t.JMeterThread: Thread started: Sample-Test 1-43
2023-07-20 21:32:37,013 INFO o.a.j.t.JMeterThread: Thread started: Sample-Test 1-48
2023-07-20 21:32:37,015 INFO o.a.j.t.JMeterThread: Thread started: Sample-Test 1-49
2023-07-20 21:32:37,016 INFO o.a.j.t.JMeterThread: Thread started: Sample-Test 1-50
2023-07-20 21:32:37,019 INFO o.a.j.t.JMeterThread: Thread started: Sample-Test 1-51
2023-07-20 21:32:37,027 INFO o.a.j.t.JMeterThread: Thread started: Sample-Test 1-52
2023-07-20 21:32:37,028 INFO o.a.j.t.JMeterThread: Thread started: Sample-Test 1-53
2023-07-20 21:32:37,033 INFO o.a.j.t.JMeterThread: Thread started: Sample-Test 1-54
2023-07-20 21:32:37,035 INFO o.a.j.t.JMeterThread: Thread started: Sample-Test 1-56
2023-07-20 21:32:37,036 INFO o.a.j.t.JMeterThread: Thread started: Sample-Test 1-55
2023-07-20 21:32:37,036 INFO o.a.j.t.JMeterThread: Thread started: Sample-Test 1-57
2023-07-20 21:32:37,041 INFO o.a.j.t.JMeterThread: Thread started: Sample-Test 1-58
2023-07-20 21:32:37,043 INFO o.a.j.t.JMeterThread: Thread started: Sample-Test 1-59
2023-07-20 21:32:37,046 INFO o.a.j.t.JMeterThread: Thread started: Sample-Test 1-60
2023-07-20 21:32:37,048 INFO o.a.j.t.JMeterThread: Thread started: Sample-Test 1-61
2023-07-20 21:32:37,052 INFO o.a.j.t.JMeterThread: Thread started: Sample-Test 1-62
2023-07-20 21:32:37,054 INFO o.a.j.t.JMeterThread: Thread started: Sample-Test 1-63
2023-07-20 21:32:37,057 INFO o.a.j.t.JMeterThread: Thread started: Sample-Test 1-64
2023-07-20 21:32:37,061 INFO o.a.j.t.JMeterThread: Thread started: Sample-Test 1-65
2023-07-20 21:32:37,063 INFO o.a.j.t.JMeterThread: Thread started: Sample-Test 1-66
2023-07-20 21:32:37,068 INFO o.a.j.t.JMeterThread: Thread started: Sample-Test 1-67
2023-07-20 21:32:37,073 INFO o.a.j.t.JMeterThread: Thread started: Sample-Test 1-68
2023-07-20 21:32:37,074 INFO o.a.j.t.JMeterThread: Thread started: Sample-Test 1-69
2023-07-20 21:32:37,076 INFO o.a.j.t.JMeterThread: Thread started: Sample-Test 1-70
2023-07-20 21:32:37,080 INFO o.a.j.t.JMeterThread: Thread started: Sample-Test 1-71
2023-07-20 21:32:37,082 INFO o.a.j.t.JMeterThread: Thread started: Sample-Test 1-72
2023-07-20 21:32:37,085 INFO o.a.j.t.JMeterThread: Thread started: Sample-Test 1-73
2023-07-20 21:32:37,090 INFO o.a.j.t.JMeterThread: Thread started: Sample-Test 1-75
2023-07-20 21:32:37,091 INFO o.a.j.t.JMeterThread: Thread started: Sample-Test 1-74
2023-07-20 21:32:37,095 INFO o.a.j.t.JMeterThread: Thread started: Sample-Test 1-76
2023-07-20 21:32:37,105 INFO o.a.j.t.JMeterThread: Thread started: Sample-Test 1-77
2023-07-20 21:32:37,105 INFO o.a.j.t.JMeterThread: Thread started: Sample-Test 1-78
2023-07-20 21:32:37,115 INFO o.a.j.t.JMeterThread: Thread started: Sample-Test 1-83
2023-07-20 21:32:37,115 INFO o.a.j.t.JMeterThread: Thread started: Sample-Test 1-80
2023-07-20 21:32:37,116 INFO o.a.j.t.JMeterThread: Thread started: Sample-Test 1-79
2023-07-20 21:32:37,117 INFO o.a.j.t.JMeterThread: Thread started: Sample-Test 1-81
2023-07-20 21:32:37,118 INFO o.a.j.t.JMeterThread: Thread started: Sample-Test 1-84
2023-07-20 21:32:37,119 INFO o.a.j.t.JMeterThread: Thread started: Sample-Test 1-82
2023-07-20 21:32:37,121 INFO o.a.j.t.JMeterThread: Thread started: Sample-Test 1-85
2023-07-20 21:32:37,124 INFO o.a.j.t.JMeterThread: Thread started: Sample-Test 1-86
2023-07-20 21:32:37,129 INFO o.a.j.t.JMeterThread: Thread started: Sample-Test 1-87
2023-07-20 21:32:37,130 INFO o.a.j.t.JMeterThread: Thread started: Sample-Test 1-88
2023-07-20 21:32:37,133 INFO o.a.j.t.JMeterThread: Thread started: Sample-Test 1-89
2023-07-20 21:32:37,135 INFO o.a.j.t.JMeterThread: Thread started: Sample-Test 1-90
2023-07-20 21:32:37,141 INFO o.a.j.t.JMeterThread: Thread started: Sample-Test 1-91
2023-07-20 21:32:37,143 INFO o.a.j.t.JMeterThread: Thread started: Sample-Test 1-92
2023-07-20 21:32:37,148 INFO o.a.j.t.JMeterThread: Thread started: Sample-Test 1-93
2023-07-20 21:32:37,150 INFO o.a.j.t.JMeterThread: Thread started: Sample-Test 1-94
2023-07-20 21:32:37,151 INFO o.a.j.t.JMeterThread: Thread started: Sample-Test 1-95
2023-07-20 21:32:37,154 INFO o.a.j.t.JMeterThread: Thread started: Sample-Test 1-96
2023-07-20 21:32:37,160 INFO o.a.j.t.JMeterThread: Thread started: Sample-Test 1-98
2023-07-20 21:32:37,161 INFO o.a.j.t.JMeterThread: Thread started: Sample-Test 1-97
2023-07-20 21:32:37,165 INFO o.a.j.t.JMeterThread: Thread started: Sample-Test 1-99
2023-07-20 21:32:37,169 INFO o.a.j.t.JMeterThread: Thread started: Sample-Test 1-101
2023-07-20 21:32:37,169 INFO o.a.j.t.JMeterThread: Thread started: Sample-Test 1-100
2023-07-20 21:32:37,175 INFO o.a.j.t.JMeterThread: Thread started: Sample-Test 1-103
2023-07-20 21:32:37,175 INFO o.a.j.t.JMeterThread: Thread started: Sample-Test 1-102
2023-07-20 21:32:37,180 INFO o.a.j.t.JMeterThread: Thread started: Sample-Test 1-104
2023-07-20 21:32:37,180 INFO o.a.j.t.JMeterThread: Thread started: Sample-Test 1-105
2023-07-20 21:32:37,184 INFO o.a.j.t.JMeterThread: Thread started: Sample-Test 1-106
2023-07-20 21:32:37,188 INFO o.a.j.t.JMeterThread: Thread started: Sample-Test 1-107
2023-07-20 21:32:37,190 INFO o.a.j.t.JMeterThread: Thread started: Sample-Test 1-108
2023-07-20 21:32:37,192 INFO o.a.j.t.JMeterThread: Thread started: Sample-Test 1-109
2023-07-20 21:32:37,195 INFO o.a.j.t.JMeterThread: Thread started: Sample-Test 1-110
2023-07-20 21:32:37,201 INFO o.a.j.t.JMeterThread: Thread started: Sample-Test 1-112
2023-07-20 21:32:37,201 INFO o.a.j.t.JMeterThread: Thread started: Sample-Test 1-111
2023-07-20 21:32:37,205 INFO o.a.j.t.JMeterThread: Thread started: Sample-Test 1-113
2023-07-20 21:32:37,207 INFO o.a.j.t.JMeterThread: Thread started: Sample-Test 1-114
2023-07-20 21:32:37,211 INFO o.a.j.t.JMeterThread: Thread started: Sample-Test 1-115
2023-07-20 21:32:37,214 INFO o.a.j.t.JMeterThread: Thread started: Sample-Test 1-116
2023-07-20 21:32:37,217 INFO o.a.j.t.JMeterThread: Thread started: Sample-Test 1-117
2023-07-20 21:32:37,220 INFO o.a.j.t.JMeterThread: Thread started: Sample-Test 1-118
2023-07-20 21:32:37,223 INFO o.a.j.t.JMeterThread: Thread started: Sample-Test 1-119
2023-07-20 21:32:37,227 INFO o.a.j.t.JMeterThread: Thread started: Sample-Test 1-120
2023-07-20 21:32:37,229 INFO o.a.j.t.JMeterThread: Thread started: Sample-Test 1-121
2023-07-20 21:32:37,236 INFO o.a.j.t.JMeterThread: Thread started: Sample-Test 1-122
2023-07-20 21:32:37,236 INFO o.a.j.t.JMeterThread: Thread started: Sample-Test 1-123
2023-07-20 21:32:37,274 INFO o.a.j.t.JMeterThread: Thread started: Sample-Test 1-125
2023-07-20 21:32:37,275 INFO o.a.j.t.JMeterThread: Thread started: Sample-Test 1-126
2023-07-20 21:32:37,277 INFO o.a.j.t.JMeterThread: Thread started: Sample-Test 1-128
2023-07-20 21:32:37,293 INFO o.a.j.t.JMeterThread: Thread started: Sample-Test 1-129
2023-07-20 21:32:37,293 INFO o.a.j.t.JMeterThread: Thread started: Sample-Test 1-131
2023-07-20 21:32:37,293 INFO o.a.j.t.JMeterThread: Thread started: Sample-Test 1-132
2023-07-20 21:32:37,293 INFO o.a.j.t.JMeterThread: Thread started: Sample-Test 1-130
2023-07-20 21:32:37,294 INFO o.a.j.t.JMeterThread: Thread started: Sample-Test 1-134
2023-07-20 21:32:37,294 INFO o.a.j.t.JMeterThread: Thread started: Sample-Test 1-133
2023-07-20 21:32:37,295 INFO o.a.j.t.JMeterThread: Thread started: Sample-Test 1-135
2023-07-20 21:32:37,274 INFO o.a.j.t.JMeterThread: Thread started: Sample-Test 1-124
2023-07-20 21:32:37,296 INFO o.a.j.t.JMeterThread: Thread started: Sample-Test 1-138
2023-07-20 21:32:37,296 INFO o.a.j.t.JMeterThread: Thread started: Sample-Test 1-136
2023-07-20 21:32:37,296 INFO o.a.j.t.JMeterThread: Thread started: Sample-Test 1-139
2023-07-20 21:32:37,296 INFO o.a.j.t.JMeterThread: Thread started: Sample-Test 1-140
2023-07-20 21:32:37,297 INFO o.a.j.t.JMeterThread: Thread started: Sample-Test 1-137
2023-07-20 21:32:37,297 INFO o.a.j.t.JMeterThread: Thread started: Sample-Test 1-127
2023-07-20 21:32:37,297 INFO o.a.j.t.JMeterThread: Thread started: Sample-Test 1-141
2023-07-20 21:32:37,297 INFO o.a.j.t.JMeterThread: Thread started: Sample-Test 1-142
2023-07-20 21:32:37,300 INFO o.a.j.t.JMeterThread: Thread started: Sample-Test 1-143
2023-07-20 21:32:37,314 INFO o.a.j.t.JMeterThread: Thread started: Sample-Test 1-146
2023-07-20 21:32:37,315 INFO o.a.j.t.JMeterThread: Thread started: Sample-Test 1-144
2023-07-20 21:32:37,317 INFO o.a.j.t.JMeterThread: Thread started: Sample-Test 1-148
2023-07-20 21:32:37,318 INFO o.a.j.t.JMeterThread: Thread started: Sample-Test 1-145
2023-07-20 21:32:37,320 INFO o.a.j.t.JMeterThread: Thread started: Sample-Test 1-147
2023-07-20 21:32:37,321 INFO o.a.j.t.JMeterThread: Thread started: Sample-Test 1-149
2023-07-20 21:32:37,323 INFO o.a.j.t.JMeterThread: Thread started: Sample-Test 1-150
2023-07-20 21:32:37,331 INFO o.a.j.t.JMeterThread: Thread started: Sample-Test 1-151
2023-07-20 21:32:37,332 INFO o.a.j.t.JMeterThread: Thread started: Sample-Test 1-155
2023-07-20 21:32:37,332 INFO o.a.j.t.JMeterThread: Thread started: Sample-Test 1-152
2023-07-20 21:32:37,333 INFO o.a.j.t.JMeterThread: Thread started: Sample-Test 1-153
2023-07-20 21:32:37,334 INFO o.a.j.t.JMeterThread: Thread started: Sample-Test 1-156
2023-07-20 21:32:37,334 INFO o.a.j.t.JMeterThread: Thread started: Sample-Test 1-154
2023-07-20 21:32:37,336 INFO o.a.j.t.JMeterThread: Thread started: Sample-Test 1-157
2023-07-20 21:32:37,339 INFO o.a.j.t.JMeterThread: Thread started: Sample-Test 1-158
2023-07-20 21:32:37,344 INFO o.a.j.t.JMeterThread: Thread started: Sample-Test 1-159
2023-07-20 21:32:37,347 INFO o.a.j.t.JMeterThread: Thread started: Sample-Test 1-160
2023-07-20 21:32:37,352 INFO o.a.j.t.JMeterThread: Thread started: Sample-Test 1-162
2023-07-20 21:32:37,354 INFO o.a.j.t.JMeterThread: Thread started: Sample-Test 1-161
2023-07-20 21:32:37,357 INFO o.a.j.t.JMeterThread: Thread started: Sample-Test 1-164
2023-07-20 21:32:37,359 INFO o.a.j.t.JMeterThread: Thread started: Sample-Test 1-163
2023-07-20 21:32:37,362 INFO o.a.j.t.JMeterThread: Thread started: Sample-Test 1-165
2023-07-20 21:32:37,363 INFO o.a.j.t.JMeterThread: Thread started: Sample-Test 1-166
2023-07-20 21:32:37,366 INFO o.a.j.t.JMeterThread: Thread started: Sample-Test 1-167
2023-07-20 21:32:37,371 INFO o.a.j.t.JMeterThread: Thread started: Sample-Test 1-168
2023-07-20 21:32:37,376 INFO o.a.j.t.JMeterThread: Thread started: Sample-Test 1-170
2023-07-20 21:32:37,376 INFO o.a.j.t.JMeterThread: Thread started: Sample-Test 1-169
2023-07-20 21:32:37,380 INFO o.a.j.t.JMeterThread: Thread started: Sample-Test 1-171
2023-07-20 21:32:37,381 INFO o.a.j.t.JMeterThread: Thread started: Sample-Test 1-172
2023-07-20 21:32:37,388 INFO o.a.j.t.JMeterThread: Thread started: Sample-Test 1-173
2023-07-20 21:32:37,387 INFO o.a.j.t.JMeterThread: Thread started: Sample-Test 1-174
2023-07-20 21:32:37,395 INFO o.a.j.t.JMeterThread: Thread started: Sample-Test 1-176
2023-07-20 21:32:37,395 INFO o.a.j.t.JMeterThread: Thread started: Sample-Test 1-175
2023-07-20 21:32:37,397 INFO o.a.j.t.JMeterThread: Thread started: Sample-Test 1-177
2023-07-20 21:32:37,399 INFO o.a.j.t.JMeterThread: Thread started: Sample-Test 1-178
2023-07-20 21:32:37,404 INFO o.a.j.t.JMeterThread: Thread started: Sample-Test 1-179
2023-07-20 21:32:37,406 INFO o.a.j.t.JMeterThread: Thread started: Sample-Test 1-180
2023-07-20 21:32:37,410 INFO o.a.j.t.JMeterThread: Thread started: Sample-Test 1-181
2023-07-20 21:32:37,411 INFO o.a.j.t.JMeterThread: Thread started: Sample-Test 1-182
2023-07-20 21:32:37,411 INFO o.a.j.p.h.s.h.LazyLayeredConnectionSocketFactory: Setting up HTTPS TrustAll Socket Factory
2023-07-20 21:32:37,414 INFO o.a.j.t.JMeterThread: Thread started: Sample-Test 1-183
2023-07-20 21:32:37,417 INFO o.a.j.t.JMeterThread: Thread started: Sample-Test 1-184
2023-07-20 21:32:37,421 INFO o.a.j.t.ThreadGroup: Started thread group number 1
2023-07-20 21:32:37,422 INFO o.a.j.e.StandardJMeterEngine: All thread groups have been started
2023-07-20 21:32:37,421 INFO o.a.j.t.JMeterThread: Thread started: Sample-Test 1-185
2023-07-20 21:32:37,424 INFO o.a.j.t.JMeterThread: Thread started: Sample-Test 1-186
2023-07-20 21:32:37,428 INFO o.a.j.t.JMeterThread: Thread started: Sample-Test 1-187
2023-07-20 21:32:37,429 INFO o.a.j.t.JMeterThread: Thread started: Sample-Test 1-188
2023-07-20 21:32:37,431 INFO o.a.j.u.JsseSSLManager: Using default SSL protocol: TLS
2023-07-20 21:32:37,431 INFO o.a.j.u.JsseSSLManager: SSL session context: per-thread
2023-07-20 21:32:37,431 INFO o.a.j.t.JMeterThread: Thread started: Sample-Test 1-189
2023-07-20 21:32:37,435 INFO o.a.j.t.JMeterThread: Thread started: Sample-Test 1-190
2023-07-20 21:32:37,440 INFO o.a.j.t.JMeterThread: Thread started: Sample-Test 1-191
2023-07-20 21:32:37,445 INFO o.a.j.t.JMeterThread: Thread started: Sample-Test 1-192
2023-07-20 21:32:37,446 INFO o.a.j.t.JMeterThread: Thread started: Sample-Test 1-193
2023-07-20 21:32:37,448 INFO o.a.j.t.JMeterThread: Thread started: Sample-Test 1-194
2023-07-20 21:32:37,453 INFO o.a.j.t.JMeterThread: Thread started: Sample-Test 1-195
2023-07-20 21:32:37,454 INFO o.a.j.t.JMeterThread: Thread started: Sample-Test 1-196
2023-07-20 21:32:37,460 INFO o.a.j.t.JMeterThread: Thread started: Sample-Test 1-197
2023-07-20 21:32:37,464 INFO o.a.j.t.JMeterThread: Thread started: Sample-Test 1-198
2023-07-20 21:32:37,464 INFO o.a.j.t.JMeterThread: Thread started: Sample-Test 1-199
2023-07-20 21:32:37,467 INFO o.a.j.t.JMeterThread: Thread started: Sample-Test 1-200
2023-07-20 21:32:37,468 INFO o.a.j.t.JMeterThread: Thread started: Sample-Test 1-201
2023-07-20 21:32:37,475 INFO o.a.j.t.JMeterThread: Thread started: Sample-Test 1-202
2023-07-20 21:32:37,477 INFO o.a.j.t.JMeterThread: Thread started: Sample-Test 1-203
2023-07-20 21:32:37,479 INFO o.a.j.t.JMeterThread: Thread started: Sample-Test 1-204
2023-07-20 21:32:37,481 INFO o.a.j.t.JMeterThread: Thread started: Sample-Test 1-205
2023-07-20 21:32:37,484 INFO o.a.j.t.JMeterThread: Thread started: Sample-Test 1-206
2023-07-20 21:32:37,487 INFO o.a.j.t.JMeterThread: Thread started: Sample-Test 1-207
2023-07-20 21:32:37,490 INFO o.a.j.t.JMeterThread: Thread started: Sample-Test 1-208
2023-07-20 21:32:37,493 INFO o.a.j.t.JMeterThread: Thread started: Sample-Test 1-209
2023-07-20 21:32:37,501 INFO o.a.j.t.JMeterThread: Thread started: Sample-Test 1-210
2023-07-20 21:32:37,501 INFO o.a.j.t.JMeterThread: Thread started: Sample-Test 1-211
2023-07-20 21:32:37,502 INFO o.a.j.t.JMeterThread: Thread started: Sample-Test 1-212
2023-07-20 21:32:37,508 INFO o.a.j.t.JMeterThread: Thread started: Sample-Test 1-213
2023-07-20 21:32:37,510 INFO o.a.j.t.JMeterThread: Thread started: Sample-Test 1-214
2023-07-20 21:32:37,514 INFO o.a.j.t.JMeterThread: Thread started: Sample-Test 1-215
2023-07-20 21:32:37,516 INFO o.a.j.t.JMeterThread: Thread started: Sample-Test 1-216
2023-07-20 21:32:37,516 INFO o.a.j.t.JMeterThread: Thread started: Sample-Test 1-217
2023-07-20 21:32:37,526 INFO o.a.j.t.JMeterThread: Thread started: Sample-Test 1-218
2023-07-20 21:32:37,526 INFO o.a.j.t.JMeterThread: Thread started: Sample-Test 1-220
2023-07-20 21:32:37,526 INFO o.a.j.t.JMeterThread: Thread started: Sample-Test 1-219
2023-07-20 21:32:37,532 INFO o.a.j.t.JMeterThread: Thread started: Sample-Test 1-222
2023-07-20 21:32:37,532 INFO o.a.j.t.JMeterThread: Thread started: Sample-Test 1-221
2023-07-20 21:32:37,535 INFO o.a.j.t.JMeterThread: Thread started: Sample-Test 1-223
2023-07-20 21:32:37,539 INFO o.a.j.t.JMeterThread: Thread started: Sample-Test 1-224
2023-07-20 21:32:37,547 INFO o.a.j.t.JMeterThread: Thread started: Sample-Test 1-227
2023-07-20 21:32:37,548 INFO o.a.j.t.JMeterThread: Thread started: Sample-Test 1-226
2023-07-20 21:32:37,548 INFO o.a.j.t.JMeterThread: Thread started: Sample-Test 1-225
2023-07-20 21:32:37,551 INFO o.a.j.t.JMeterThread: Thread started: Sample-Test 1-228
2023-07-20 21:32:37,556 INFO o.a.j.t.JMeterThread: Thread started: Sample-Test 1-229
2023-07-20 21:32:37,559 INFO o.a.j.t.JMeterThread: Thread started: Sample-Test 1-231
2023-07-20 21:32:37,562 INFO o.a.j.t.JMeterThread: Thread started: Sample-Test 1-230
2023-07-20 21:32:37,565 INFO o.a.j.t.JMeterThread: Thread started: Sample-Test 1-233
2023-07-20 21:32:37,566 INFO o.a.j.t.JMeterThread: Thread started: Sample-Test 1-232
2023-07-20 21:32:37,570 INFO o.a.j.t.JMeterThread: Thread started: Sample-Test 1-234
2023-07-20 21:32:37,575 INFO o.a.j.t.JMeterThread: Thread started: Sample-Test 1-235
2023-07-20 21:32:37,580 INFO o.a.j.t.JMeterThread: Thread started: Sample-Test 1-236
2023-07-20 21:32:37,580 INFO o.a.j.t.JMeterThread: Thread started: Sample-Test 1-237
2023-07-20 21:32:37,582 INFO o.a.j.t.JMeterThread: Thread started: Sample-Test 1-238
2023-07-20 21:32:37,583 INFO o.a.j.t.JMeterThread: Thread started: Sample-Test 1-239
2023-07-20 21:32:37,587 INFO o.a.j.t.JMeterThread: Thread started: Sample-Test 1-240
2023-07-20 21:32:37,588 INFO o.a.j.t.JMeterThread: Thread started: Sample-Test 1-241
2023-07-20 21:32:37,591 INFO o.a.j.t.JMeterThread: Thread started: Sample-Test 1-242
2023-07-20 21:32:37,595 INFO o.a.j.t.JMeterThread: Thread started: Sample-Test 1-243
2023-07-20 21:32:37,597 INFO o.a.j.t.JMeterThread: Thread started: Sample-Test 1-244
2023-07-20 21:32:37,604 INFO o.a.j.t.JMeterThread: Thread started: Sample-Test 1-245
2023-07-20 21:32:37,604 INFO o.a.j.t.JMeterThread: Thread started: Sample-Test 1-246
2023-07-20 21:32:37,610 INFO o.a.j.t.JMeterThread: Thread started: Sample-Test 1-248
2023-07-20 21:32:37,611 INFO o.a.j.t.JMeterThread: Thread started: Sample-Test 1-247
2023-07-20 21:32:37,620 INFO o.a.j.t.JMeterThread: Thread started: Sample-Test 1-249
2023-07-20 21:32:37,620 INFO o.a.j.t.JMeterThread: Thread started: Sample-Test 1-251
2023-07-20 21:32:37,620 INFO o.a.j.t.JMeterThread: Thread started: Sample-Test 1-250
2023-07-20 21:32:37,626 INFO o.a.j.t.JMeterThread: Thread started: Sample-Test 1-252
2023-07-20 21:32:37,627 INFO o.a.j.t.JMeterThread: Thread started: Sample-Test 1-253
2023-07-20 21:32:37,631 INFO o.a.j.t.JMeterThread: Thread started: Sample-Test 1-255
2023-07-20 21:32:37,634 INFO o.a.j.t.JMeterThread: Thread started: Sample-Test 1-256
2023-07-20 21:32:37,640 INFO o.a.j.t.JMeterThread: Thread started: Sample-Test 1-258
2023-07-20 21:32:37,640 INFO o.a.j.t.JMeterThread: Thread started: Sample-Test 1-257
2023-07-20 21:32:37,648 INFO o.a.j.t.JMeterThread: Thread started: Sample-Test 1-259
2023-07-20 21:32:37,649 INFO o.a.j.t.JMeterThread: Thread started: Sample-Test 1-260
2023-07-20 21:32:37,651 INFO o.a.j.t.JMeterThread: Thread started: Sample-Test 1-262
2023-07-20 21:32:37,652 INFO o.a.j.t.JMeterThread: Thread started: Sample-Test 1-254
2023-07-20 21:32:37,660 INFO o.a.j.t.JMeterThread: Thread started: Sample-Test 1-263
2023-07-20 21:32:37,660 INFO o.a.j.t.JMeterThread: Thread started: Sample-Test 1-261
2023-07-20 21:32:37,660 INFO o.a.j.t.JMeterThread: Thread started: Sample-Test 1-264
2023-07-20 21:32:37,660 INFO o.a.j.t.JMeterThread: Thread started: Sample-Test 1-265
2023-07-20 21:32:37,665 INFO o.a.j.t.JMeterThread: Thread started: Sample-Test 1-266
2023-07-20 21:32:37,665 INFO o.a.j.t.JMeterThread: Thread started: Sample-Test 1-267
2023-07-20 21:32:37,669 INFO o.a.j.t.JMeterThread: Thread started: Sample-Test 1-268
2023-07-20 21:32:37,676 INFO o.a.j.t.JMeterThread: Thread started: Sample-Test 1-269
2023-07-20 21:32:37,676 INFO o.a.j.t.JMeterThread: Thread started: Sample-Test 1-270
2023-07-20 21:32:37,678 INFO o.a.j.t.JMeterThread: Thread started: Sample-Test 1-271
2023-07-20 21:32:37,683 INFO o.a.j.t.JMeterThread: Thread started: Sample-Test 1-272
2023-07-20 21:32:37,684 INFO o.a.j.t.JMeterThread: Thread started: Sample-Test 1-273
2023-07-20 21:32:37,692 INFO o.a.j.t.JMeterThread: Thread started: Sample-Test 1-275
2023-07-20 21:32:37,692 INFO o.a.j.t.JMeterThread: Thread started: Sample-Test 1-274
2023-07-20 21:32:37,700 INFO o.a.j.t.JMeterThread: Thread started: Sample-Test 1-277
2023-07-20 21:32:37,700 INFO o.a.j.t.JMeterThread: Thread started: Sample-Test 1-278
2023-07-20 21:32:37,700 INFO o.a.j.t.JMeterThread: Thread started: Sample-Test 1-276
2023-07-20 21:32:37,704 INFO o.a.j.t.JMeterThread: Thread started: Sample-Test 1-279
2023-07-20 21:32:37,710 INFO o.a.j.t.JMeterThread: Thread started: Sample-Test 1-280
2023-07-20 21:32:37,713 INFO o.a.j.t.JMeterThread: Thread started: Sample-Test 1-281
2023-07-20 21:32:37,715 INFO o.a.j.t.JMeterThread: Thread started: Sample-Test 1-282
2023-07-20 21:32:37,717 INFO o.a.j.t.JMeterThread: Thread started: Sample-Test 1-283
2023-07-20 21:32:37,723 INFO o.a.j.t.JMeterThread: Thread started: Sample-Test 1-285
2023-07-20 21:32:37,723 INFO o.a.j.t.JMeterThread: Thread started: Sample-Test 1-284
2023-07-20 21:32:37,726 INFO o.a.j.t.JMeterThread: Thread started: Sample-Test 1-287
2023-07-20 21:32:37,726 INFO o.a.j.t.JMeterThread: Thread started: Sample-Test 1-286
2023-07-20 21:32:37,731 INFO o.a.j.t.JMeterThread: Thread started: Sample-Test 1-288
2023-07-20 21:32:37,733 INFO o.a.j.t.JMeterThread: Thread started: Sample-Test 1-289
2023-07-20 21:32:37,736 INFO o.a.j.u.SSLManager: JmeterKeyStore Location:  type JKS
2023-07-20 21:32:37,740 INFO o.a.j.t.JMeterThread: Thread started: Sample-Test 1-290
2023-07-20 21:32:37,741 INFO o.a.j.t.JMeterThread: Thread started: Sample-Test 1-291
2023-07-20 21:32:37,746 INFO o.a.j.t.JMeterThread: Thread started: Sample-Test 1-292
2023-07-20 21:32:37,748 INFO o.a.j.t.JMeterThread: Thread started: Sample-Test 1-293
2023-07-20 21:32:37,749 INFO o.a.j.t.JMeterThread: Thread started: Sample-Test 1-294
2023-07-20 21:32:37,756 INFO o.a.j.u.SSLManager: KeyStore created OK
2023-07-20 21:32:37,756 WARN o.a.j.u.SSLManager: Keystore file not found, loading empty keystore
2023-07-20 21:32:37,756 INFO o.a.j.t.JMeterThread: Thread started: Sample-Test 1-296
2023-07-20 21:32:37,759 INFO o.a.j.t.JMeterThread: Thread started: Sample-Test 1-298
2023-07-20 21:32:37,760 INFO o.a.j.t.JMeterThread: Thread started: Sample-Test 1-295
2023-07-20 21:32:37,760 INFO o.a.j.t.JMeterThread: Thread started: Sample-Test 1-297
2023-07-20 21:32:37,763 INFO o.a.j.t.JMeterThread: Thread started: Sample-Test 1-299
2023-07-20 21:32:37,767 INFO o.a.j.t.JMeterThread: Thread started: Sample-Test 1-300
2023-07-20 21:32:45,896 INFO o.a.j.t.JMeterThread: Thread is done: Sample-Test 1-139
2023-07-20 21:32:45,897 INFO o.a.j.t.JMeterThread: Thread finished: Sample-Test 1-139
2023-07-20 21:32:45,898 INFO o.a.j.t.JMeterThread: Thread is done: Sample-Test 1-163
2023-07-20 21:32:45,899 INFO o.a.j.t.JMeterThread: Thread finished: Sample-Test 1-163
2023-07-20 21:32:45,910 INFO o.a.j.t.JMeterThread: Thread is done: Sample-Test 1-30
2023-07-20 21:32:45,910 INFO o.a.j.t.JMeterThread: Thread finished: Sample-Test 1-30
2023-07-20 21:32:45,912 INFO o.a.j.t.JMeterThread: Thread is done: Sample-Test 1-4
2023-07-20 21:32:45,912 INFO o.a.j.t.JMeterThread: Thread finished: Sample-Test 1-4
2023-07-20 21:32:45,914 INFO o.a.j.t.JMeterThread: Thread is done: Sample-Test 1-209
2023-07-20 21:32:45,914 INFO o.a.j.t.JMeterThread: Thread finished: Sample-Test 1-209
2023-07-20 21:32:45,925 INFO o.a.j.t.JMeterThread: Thread is done: Sample-Test 1-63
2023-07-20 21:32:45,926 INFO o.a.j.t.JMeterThread: Thread finished: Sample-Test 1-63
2023-07-20 21:32:45,934 INFO o.a.j.t.JMeterThread: Thread is done: Sample-Test 1-235
2023-07-20 21:32:45,934 INFO o.a.j.t.JMeterThread: Thread finished: Sample-Test 1-235
2023-07-20 21:32:45,952 INFO o.a.j.t.JMeterThread: Thread is done: Sample-Test 1-85
2023-07-20 21:32:45,952 INFO o.a.j.t.JMeterThread: Thread finished: Sample-Test 1-85
2023-07-20 21:32:45,964 INFO o.a.j.t.JMeterThread: Thread is done: Sample-Test 1-140
2023-07-20 21:32:45,965 INFO o.a.j.t.JMeterThread: Thread finished: Sample-Test 1-140
2023-07-20 21:32:45,965 INFO o.a.j.t.JMeterThread: Thread is done: Sample-Test 1-100
2023-07-20 21:32:45,965 INFO o.a.j.t.JMeterThread: Thread finished: Sample-Test 1-100
2023-07-20 21:32:45,969 INFO o.a.j.t.JMeterThread: Thread is done: Sample-Test 1-290
2023-07-20 21:32:45,969 INFO o.a.j.t.JMeterThread: Thread finished: Sample-Test 1-290
2023-07-20 21:32:45,977 INFO o.a.j.t.JMeterThread: Thread is done: Sample-Test 1-31
2023-07-20 21:32:45,977 INFO o.a.j.t.JMeterThread: Thread finished: Sample-Test 1-31
2023-07-20 21:32:45,982 INFO o.a.j.t.JMeterThread: Thread is done: Sample-Test 1-228
2023-07-20 21:32:45,982 INFO o.a.j.t.JMeterThread: Thread finished: Sample-Test 1-228
2023-07-20 21:32:45,985 INFO o.a.j.t.JMeterThread: Thread is done: Sample-Test 1-106
2023-07-20 21:32:45,985 INFO o.a.j.t.JMeterThread: Thread finished: Sample-Test 1-106
2023-07-20 21:32:45,988 INFO o.a.j.t.JMeterThread: Thread is done: Sample-Test 1-51
2023-07-20 21:32:45,989 INFO o.a.j.t.JMeterThread: Thread finished: Sample-Test 1-51
2023-07-20 21:32:45,990 INFO o.a.j.t.JMeterThread: Thread is done: Sample-Test 1-272
2023-07-20 21:32:45,991 INFO o.a.j.t.JMeterThread: Thread finished: Sample-Test 1-272
2023-07-20 21:32:45,993 INFO o.a.j.t.JMeterThread: Thread is done: Sample-Test 1-86
2023-07-20 21:32:45,993 INFO o.a.j.t.JMeterThread: Thread finished: Sample-Test 1-86
2023-07-20 21:32:46,017 INFO o.a.j.t.JMeterThread: Thread is done: Sample-Test 1-104
2023-07-20 21:32:46,018 INFO o.a.j.t.JMeterThread: Thread finished: Sample-Test 1-104
2023-07-20 21:32:46,021 INFO o.a.j.t.JMeterThread: Thread is done: Sample-Test 1-73
2023-07-20 21:32:46,022 INFO o.a.j.t.JMeterThread: Thread finished: Sample-Test 1-73
2023-07-20 21:32:46,034 INFO o.a.j.t.JMeterThread: Thread is done: Sample-Test 1-107
2023-07-20 21:32:46,035 INFO o.a.j.t.JMeterThread: Thread finished: Sample-Test 1-107
2023-07-20 21:32:46,047 INFO o.a.j.t.JMeterThread: Thread is done: Sample-Test 1-136
2023-07-20 21:32:46,048 INFO o.a.j.t.JMeterThread: Thread finished: Sample-Test 1-136
2023-07-20 21:32:46,051 INFO o.a.j.t.JMeterThread: Thread is done: Sample-Test 1-92
2023-07-20 21:32:46,051 INFO o.a.j.t.JMeterThread: Thread finished: Sample-Test 1-92
2023-07-20 21:32:46,055 INFO o.a.j.t.JMeterThread: Thread is done: Sample-Test 1-257
2023-07-20 21:32:46,056 INFO o.a.j.t.JMeterThread: Thread finished: Sample-Test 1-257
2023-07-20 21:32:46,060 INFO o.a.j.t.JMeterThread: Thread is done: Sample-Test 1-161
2023-07-20 21:32:46,060 INFO o.a.j.t.JMeterThread: Thread finished: Sample-Test 1-161
2023-07-20 21:32:46,063 INFO o.a.j.t.JMeterThread: Thread is done: Sample-Test 1-134
2023-07-20 21:32:46,063 INFO o.a.j.t.JMeterThread: Thread finished: Sample-Test 1-134
2023-07-20 21:32:46,065 INFO o.a.j.t.JMeterThread: Thread is done: Sample-Test 1-36
2023-07-20 21:32:46,065 INFO o.a.j.t.JMeterThread: Thread finished: Sample-Test 1-36
2023-07-20 21:32:46,066 INFO o.a.j.t.JMeterThread: Thread is done: Sample-Test 1-58
2023-07-20 21:32:46,066 INFO o.a.j.t.JMeterThread: Thread finished: Sample-Test 1-58
2023-07-20 21:32:46,070 INFO o.a.j.t.JMeterThread: Thread is done: Sample-Test 1-103
2023-07-20 21:32:46,070 INFO o.a.j.t.JMeterThread: Thread finished: Sample-Test 1-103
2023-07-20 21:32:46,083 INFO o.a.j.t.JMeterThread: Thread is done: Sample-Test 1-292
2023-07-20 21:32:46,084 INFO o.a.j.t.JMeterThread: Thread finished: Sample-Test 1-292
2023-07-20 21:32:46,084 INFO o.a.j.t.JMeterThread: Thread is done: Sample-Test 1-15
2023-07-20 21:32:46,084 INFO o.a.j.t.JMeterThread: Thread finished: Sample-Test 1-15
2023-07-20 21:32:46,094 INFO o.a.j.t.JMeterThread: Thread is done: Sample-Test 1-219
2023-07-20 21:32:46,094 INFO o.a.j.t.JMeterThread: Thread finished: Sample-Test 1-219
2023-07-20 21:32:46,135 INFO o.a.j.t.JMeterThread: Thread is done: Sample-Test 1-59
2023-07-20 21:32:46,136 INFO o.a.j.t.JMeterThread: Thread finished: Sample-Test 1-59
2023-07-20 21:32:46,141 INFO o.a.j.t.JMeterThread: Thread is done: Sample-Test 1-110
2023-07-20 21:32:46,141 INFO o.a.j.t.JMeterThread: Thread finished: Sample-Test 1-110
2023-07-20 21:32:46,149 INFO o.a.j.t.JMeterThread: Thread is done: Sample-Test 1-223
2023-07-20 21:32:46,150 INFO o.a.j.t.JMeterThread: Thread finished: Sample-Test 1-223
2023-07-20 21:32:46,154 INFO o.a.j.t.JMeterThread: Thread is done: Sample-Test 1-166
2023-07-20 21:32:46,155 INFO o.a.j.t.JMeterThread: Thread finished: Sample-Test 1-166
2023-07-20 21:32:46,177 INFO o.a.j.t.JMeterThread: Thread is done: Sample-Test 1-49
2023-07-20 21:32:46,178 INFO o.a.j.t.JMeterThread: Thread finished: Sample-Test 1-49
2023-07-20 21:32:46,190 INFO o.a.j.t.JMeterThread: Thread is done: Sample-Test 1-28
2023-07-20 21:32:46,191 INFO o.a.j.t.JMeterThread: Thread finished: Sample-Test 1-28
2023-07-20 21:32:46,192 INFO o.a.j.t.JMeterThread: Thread is done: Sample-Test 1-237
2023-07-20 21:32:46,193 INFO o.a.j.t.JMeterThread: Thread finished: Sample-Test 1-237
2023-07-20 21:32:46,199 INFO o.a.j.t.JMeterThread: Thread is done: Sample-Test 1-108
2023-07-20 21:32:46,200 INFO o.a.j.t.JMeterThread: Thread finished: Sample-Test 1-108
2023-07-20 21:32:46,206 INFO o.a.j.t.JMeterThread: Thread is done: Sample-Test 1-120
2023-07-20 21:32:46,207 INFO o.a.j.t.JMeterThread: Thread finished: Sample-Test 1-120
2023-07-20 21:32:46,215 INFO o.a.j.t.JMeterThread: Thread is done: Sample-Test 1-267
2023-07-20 21:32:46,215 INFO o.a.j.t.JMeterThread: Thread finished: Sample-Test 1-267
2023-07-20 21:32:46,217 INFO o.a.j.t.JMeterThread: Thread is done: Sample-Test 1-135
2023-07-20 21:32:46,217 INFO o.a.j.t.JMeterThread: Thread finished: Sample-Test 1-135
2023-07-20 21:32:46,220 INFO o.a.j.t.JMeterThread: Thread is done: Sample-Test 1-71
2023-07-20 21:32:46,220 INFO o.a.j.t.JMeterThread: Thread finished: Sample-Test 1-71
2023-07-20 21:32:46,229 INFO o.a.j.t.JMeterThread: Thread is done: Sample-Test 1-32
2023-07-20 21:32:46,229 INFO o.a.j.t.JMeterThread: Thread finished: Sample-Test 1-32
2023-07-20 21:32:46,232 INFO o.a.j.t.JMeterThread: Thread is done: Sample-Test 1-75
2023-07-20 21:32:46,232 INFO o.a.j.t.JMeterThread: Thread finished: Sample-Test 1-75
2023-07-20 21:32:46,239 INFO o.a.j.t.JMeterThread: Thread is done: Sample-Test 1-179
2023-07-20 21:32:46,240 INFO o.a.j.t.JMeterThread: Thread finished: Sample-Test 1-179
2023-07-20 21:32:46,245 INFO o.a.j.t.JMeterThread: Thread is done: Sample-Test 1-40
2023-07-20 21:32:46,246 INFO o.a.j.t.JMeterThread: Thread finished: Sample-Test 1-40
2023-07-20 21:32:46,248 INFO o.a.j.t.JMeterThread: Thread is done: Sample-Test 1-203
2023-07-20 21:32:46,249 INFO o.a.j.t.JMeterThread: Thread finished: Sample-Test 1-203
2023-07-20 21:32:46,261 INFO o.a.j.t.JMeterThread: Thread is done: Sample-Test 1-45
2023-07-20 21:32:46,262 INFO o.a.j.t.JMeterThread: Thread finished: Sample-Test 1-45
2023-07-20 21:32:46,264 INFO o.a.j.t.JMeterThread: Thread is done: Sample-Test 1-152
2023-07-20 21:32:46,265 INFO o.a.j.t.JMeterThread: Thread finished: Sample-Test 1-152
2023-07-20 21:32:46,265 INFO o.a.j.t.JMeterThread: Thread is done: Sample-Test 1-283
2023-07-20 21:32:46,265 INFO o.a.j.t.JMeterThread: Thread finished: Sample-Test 1-283
2023-07-20 21:32:46,266 INFO o.a.j.t.JMeterThread: Thread is done: Sample-Test 1-10
2023-07-20 21:32:46,266 INFO o.a.j.t.JMeterThread: Thread finished: Sample-Test 1-10
2023-07-20 21:32:46,279 INFO o.a.j.t.JMeterThread: Thread is done: Sample-Test 1-116
2023-07-20 21:32:46,279 INFO o.a.j.t.JMeterThread: Thread finished: Sample-Test 1-116
2023-07-20 21:32:46,281 INFO o.a.j.t.JMeterThread: Thread is done: Sample-Test 1-13
2023-07-20 21:32:46,281 INFO o.a.j.t.JMeterThread: Thread finished: Sample-Test 1-13
2023-07-20 21:32:46,283 INFO o.a.j.t.JMeterThread: Thread is done: Sample-Test 1-91
2023-07-20 21:32:46,283 INFO o.a.j.t.JMeterThread: Thread finished: Sample-Test 1-91
2023-07-20 21:32:46,293 INFO o.a.j.t.JMeterThread: Thread is done: Sample-Test 1-81
2023-07-20 21:32:46,294 INFO o.a.j.t.JMeterThread: Thread finished: Sample-Test 1-81
2023-07-20 21:32:46,302 INFO o.a.j.t.JMeterThread: Thread is done: Sample-Test 1-62
2023-07-20 21:32:46,302 INFO o.a.j.t.JMeterThread: Thread finished: Sample-Test 1-62
2023-07-20 21:32:46,303 INFO o.a.j.t.JMeterThread: Thread is done: Sample-Test 1-173
2023-07-20 21:32:46,304 INFO o.a.j.t.JMeterThread: Thread finished: Sample-Test 1-173
2023-07-20 21:32:46,317 INFO o.a.j.t.JMeterThread: Thread is done: Sample-Test 1-265
2023-07-20 21:32:46,318 INFO o.a.j.t.JMeterThread: Thread finished: Sample-Test 1-265
2023-07-20 21:32:46,319 INFO o.a.j.t.JMeterThread: Thread is done: Sample-Test 1-293
2023-07-20 21:32:46,320 INFO o.a.j.t.JMeterThread: Thread finished: Sample-Test 1-293
2023-07-20 21:32:46,321 INFO o.a.j.t.JMeterThread: Thread is done: Sample-Test 1-54
2023-07-20 21:32:46,321 INFO o.a.j.t.JMeterThread: Thread finished: Sample-Test 1-54
2023-07-20 21:32:46,351 INFO o.a.j.t.JMeterThread: Thread is done: Sample-Test 1-7
2023-07-20 21:32:46,351 INFO o.a.j.t.JMeterThread: Thread finished: Sample-Test 1-7
2023-07-20 21:32:46,355 INFO o.a.j.t.JMeterThread: Thread is done: Sample-Test 1-270
2023-07-20 21:32:46,356 INFO o.a.j.t.JMeterThread: Thread finished: Sample-Test 1-270
2023-07-20 21:32:46,357 INFO o.a.j.t.JMeterThread: Thread is done: Sample-Test 1-2
2023-07-20 21:32:46,357 INFO o.a.j.t.JMeterThread: Thread finished: Sample-Test 1-2
2023-07-20 21:32:46,359 INFO o.a.j.t.JMeterThread: Thread is done: Sample-Test 1-210
2023-07-20 21:32:46,360 INFO o.a.j.t.JMeterThread: Thread finished: Sample-Test 1-210
2023-07-20 21:32:46,365 INFO o.a.j.t.JMeterThread: Thread is done: Sample-Test 1-41
2023-07-20 21:32:46,365 INFO o.a.j.t.JMeterThread: Thread finished: Sample-Test 1-41
2023-07-20 21:32:46,369 INFO o.a.j.t.JMeterThread: Thread is done: Sample-Test 1-141
2023-07-20 21:32:46,369 INFO o.a.j.t.JMeterThread: Thread finished: Sample-Test 1-141
2023-07-20 21:32:46,372 INFO o.a.j.t.JMeterThread: Thread is done: Sample-Test 1-254
2023-07-20 21:32:46,372 INFO o.a.j.t.JMeterThread: Thread finished: Sample-Test 1-254
2023-07-20 21:32:46,376 INFO o.a.j.t.JMeterThread: Thread is done: Sample-Test 1-23
2023-07-20 21:32:46,376 INFO o.a.j.t.JMeterThread: Thread finished: Sample-Test 1-23
2023-07-20 21:32:46,379 INFO o.a.j.t.JMeterThread: Thread is done: Sample-Test 1-271
2023-07-20 21:32:46,379 INFO o.a.j.t.JMeterThread: Thread finished: Sample-Test 1-271
2023-07-20 21:32:46,386 INFO o.a.j.t.JMeterThread: Thread is done: Sample-Test 1-249
2023-07-20 21:32:46,386 INFO o.a.j.t.JMeterThread: Thread finished: Sample-Test 1-249
2023-07-20 21:32:46,391 INFO o.a.j.t.JMeterThread: Thread is done: Sample-Test 1-189
2023-07-20 21:32:46,391 INFO o.a.j.t.JMeterThread: Thread finished: Sample-Test 1-189
2023-07-20 21:32:46,394 INFO o.a.j.t.JMeterThread: Thread is done: Sample-Test 1-77
2023-07-20 21:32:46,394 INFO o.a.j.t.JMeterThread: Thread finished: Sample-Test 1-77
2023-07-20 21:32:46,410 INFO o.a.j.t.JMeterThread: Thread is done: Sample-Test 1-296
2023-07-20 21:32:46,410 INFO o.a.j.t.JMeterThread: Thread finished: Sample-Test 1-296
2023-07-20 21:32:46,424 INFO o.a.j.t.JMeterThread: Thread is done: Sample-Test 1-97
2023-07-20 21:32:46,425 INFO o.a.j.t.JMeterThread: Thread finished: Sample-Test 1-97
2023-07-20 21:32:46,431 INFO o.a.j.t.JMeterThread: Thread is done: Sample-Test 1-169
2023-07-20 21:32:46,431 INFO o.a.j.t.JMeterThread: Thread finished: Sample-Test 1-169
2023-07-20 21:32:46,431 INFO o.a.j.t.JMeterThread: Thread is done: Sample-Test 1-70
2023-07-20 21:32:46,431 INFO o.a.j.t.JMeterThread: Thread finished: Sample-Test 1-70
2023-07-20 21:32:46,444 INFO o.a.j.t.JMeterThread: Thread is done: Sample-Test 1-188
2023-07-20 21:32:46,445 INFO o.a.j.t.JMeterThread: Thread finished: Sample-Test 1-188
2023-07-20 21:32:46,447 INFO o.a.j.t.JMeterThread: Thread is done: Sample-Test 1-37
2023-07-20 21:32:46,448 INFO o.a.j.t.JMeterThread: Thread finished: Sample-Test 1-37
2023-07-20 21:32:46,456 INFO o.a.j.t.JMeterThread: Thread is done: Sample-Test 1-130
2023-07-20 21:32:46,456 INFO o.a.j.t.JMeterThread: Thread finished: Sample-Test 1-130
2023-07-20 21:32:46,462 INFO o.a.j.t.JMeterThread: Thread is done: Sample-Test 1-29
2023-07-20 21:32:46,462 INFO o.a.j.t.JMeterThread: Thread finished: Sample-Test 1-29
2023-07-20 21:32:46,466 INFO o.a.j.t.JMeterThread: Thread is done: Sample-Test 1-193
2023-07-20 21:32:46,466 INFO o.a.j.t.JMeterThread: Thread finished: Sample-Test 1-193
2023-07-20 21:32:46,467 INFO o.a.j.t.JMeterThread: Thread is done: Sample-Test 1-9
2023-07-20 21:32:46,467 INFO o.a.j.t.JMeterThread: Thread finished: Sample-Test 1-9
2023-07-20 21:32:46,473 INFO o.a.j.t.JMeterThread: Thread is done: Sample-Test 1-133
2023-07-20 21:32:46,473 INFO o.a.j.t.JMeterThread: Thread finished: Sample-Test 1-133
2023-07-20 21:32:46,484 INFO o.a.j.t.JMeterThread: Thread is done: Sample-Test 1-153
2023-07-20 21:32:46,484 INFO o.a.j.t.JMeterThread: Thread finished: Sample-Test 1-153
2023-07-20 21:32:46,502 INFO o.a.j.t.JMeterThread: Thread is done: Sample-Test 1-238
2023-07-20 21:32:46,503 INFO o.a.j.t.JMeterThread: Thread finished: Sample-Test 1-238
2023-07-20 21:32:46,510 INFO o.a.j.t.JMeterThread: Thread is done: Sample-Test 1-24
2023-07-20 21:32:46,510 INFO o.a.j.t.JMeterThread: Thread finished: Sample-Test 1-24
2023-07-20 21:32:46,519 INFO o.a.j.t.JMeterThread: Thread is done: Sample-Test 1-239
2023-07-20 21:32:46,520 INFO o.a.j.t.JMeterThread: Thread finished: Sample-Test 1-239
2023-07-20 21:32:46,523 INFO o.a.j.t.JMeterThread: Thread is done: Sample-Test 1-143
2023-07-20 21:32:46,523 INFO o.a.j.t.JMeterThread: Thread finished: Sample-Test 1-143
2023-07-20 21:32:46,527 INFO o.a.j.t.JMeterThread: Thread is done: Sample-Test 1-69
2023-07-20 21:32:46,527 INFO o.a.j.t.JMeterThread: Thread finished: Sample-Test 1-69
2023-07-20 21:32:46,534 INFO o.a.j.t.JMeterThread: Thread is done: Sample-Test 1-229
2023-07-20 21:32:46,534 INFO o.a.j.t.JMeterThread: Thread finished: Sample-Test 1-229
2023-07-20 21:32:46,545 INFO o.a.j.t.JMeterThread: Thread is done: Sample-Test 1-186
2023-07-20 21:32:46,545 INFO o.a.j.t.JMeterThread: Thread finished: Sample-Test 1-186
2023-07-20 21:32:46,552 INFO o.a.j.t.JMeterThread: Thread is done: Sample-Test 1-281
2023-07-20 21:32:46,552 INFO o.a.j.t.JMeterThread: Thread finished: Sample-Test 1-281
2023-07-20 21:32:46,558 INFO o.a.j.t.JMeterThread: Thread is done: Sample-Test 1-14
2023-07-20 21:32:46,559 INFO o.a.j.t.JMeterThread: Thread finished: Sample-Test 1-14
2023-07-20 21:32:46,560 INFO o.a.j.t.JMeterThread: Thread is done: Sample-Test 1-300
2023-07-20 21:32:46,561 INFO o.a.j.t.JMeterThread: Thread finished: Sample-Test 1-300
2023-07-20 21:32:46,562 INFO o.a.j.t.JMeterThread: Thread is done: Sample-Test 1-286
2023-07-20 21:32:46,562 INFO o.a.j.t.JMeterThread: Thread finished: Sample-Test 1-286
2023-07-20 21:32:46,562 INFO o.a.j.t.JMeterThread: Thread is done: Sample-Test 1-171
2023-07-20 21:32:46,563 INFO o.a.j.t.JMeterThread: Thread finished: Sample-Test 1-171
2023-07-20 21:32:46,574 INFO o.a.j.t.JMeterThread: Thread is done: Sample-Test 1-244
2023-07-20 21:32:46,574 INFO o.a.j.t.JMeterThread: Thread is done: Sample-Test 1-80
2023-07-20 21:32:46,574 INFO o.a.j.t.JMeterThread: Thread finished: Sample-Test 1-80
2023-07-20 21:32:46,574 INFO o.a.j.t.JMeterThread: Thread finished: Sample-Test 1-244
2023-07-20 21:32:46,579 INFO o.a.j.t.JMeterThread: Thread is done: Sample-Test 1-221
2023-07-20 21:32:46,579 INFO o.a.j.t.JMeterThread: Thread finished: Sample-Test 1-221
2023-07-20 21:32:46,581 INFO o.a.j.t.JMeterThread: Thread is done: Sample-Test 1-176
2023-07-20 21:32:46,581 INFO o.a.j.t.JMeterThread: Thread is done: Sample-Test 1-260
2023-07-20 21:32:46,582 INFO o.a.j.t.JMeterThread: Thread finished: Sample-Test 1-176
2023-07-20 21:32:46,582 INFO o.a.j.t.JMeterThread: Thread finished: Sample-Test 1-260
2023-07-20 21:32:46,584 INFO o.a.j.t.JMeterThread: Thread is done: Sample-Test 1-84
2023-07-20 21:32:46,584 INFO o.a.j.t.JMeterThread: Thread finished: Sample-Test 1-84
2023-07-20 21:32:46,592 INFO o.a.j.t.JMeterThread: Thread is done: Sample-Test 1-207
2023-07-20 21:32:46,592 INFO o.a.j.t.JMeterThread: Thread finished: Sample-Test 1-207
2023-07-20 21:32:46,600 INFO o.a.j.t.JMeterThread: Thread is done: Sample-Test 1-12
2023-07-20 21:32:46,601 INFO o.a.j.t.JMeterThread: Thread finished: Sample-Test 1-12
2023-07-20 21:32:46,601 INFO o.a.j.t.JMeterThread: Thread is done: Sample-Test 1-79
2023-07-20 21:32:46,601 INFO o.a.j.t.JMeterThread: Thread finished: Sample-Test 1-79
2023-07-20 21:32:46,602 INFO o.a.j.t.JMeterThread: Thread is done: Sample-Test 1-213
2023-07-20 21:32:46,602 INFO o.a.j.t.JMeterThread: Thread finished: Sample-Test 1-213
2023-07-20 21:32:46,607 INFO o.a.j.t.JMeterThread: Thread is done: Sample-Test 1-276
2023-07-20 21:32:46,607 INFO o.a.j.t.JMeterThread: Thread is done: Sample-Test 1-214
2023-07-20 21:32:46,607 INFO o.a.j.t.JMeterThread: Thread finished: Sample-Test 1-276
2023-07-20 21:32:46,607 INFO o.a.j.t.JMeterThread: Thread finished: Sample-Test 1-214
2023-07-20 21:32:46,612 INFO o.a.j.t.JMeterThread: Thread is done: Sample-Test 1-284
2023-07-20 21:32:46,612 INFO o.a.j.t.JMeterThread: Thread finished: Sample-Test 1-284
2023-07-20 21:32:46,614 INFO o.a.j.t.JMeterThread: Thread is done: Sample-Test 1-105
2023-07-20 21:32:46,614 INFO o.a.j.t.JMeterThread: Thread finished: Sample-Test 1-105
2023-07-20 21:32:46,616 INFO o.a.j.t.JMeterThread: Thread is done: Sample-Test 1-177
2023-07-20 21:32:46,616 INFO o.a.j.t.JMeterThread: Thread finished: Sample-Test 1-177
2023-07-20 21:32:46,618 INFO o.a.j.t.JMeterThread: Thread is done: Sample-Test 1-119
2023-07-20 21:32:46,618 INFO o.a.j.t.JMeterThread: Thread finished: Sample-Test 1-119
2023-07-20 21:32:46,622 INFO o.a.j.t.JMeterThread: Thread is done: Sample-Test 1-222
2023-07-20 21:32:46,622 INFO o.a.j.t.JMeterThread: Thread finished: Sample-Test 1-222
2023-07-20 21:32:46,623 INFO o.a.j.t.JMeterThread: Thread is done: Sample-Test 1-180
2023-07-20 21:32:46,623 INFO o.a.j.t.JMeterThread: Thread finished: Sample-Test 1-180
2023-07-20 21:32:46,641 INFO o.a.j.t.JMeterThread: Thread is done: Sample-Test 1-279
2023-07-20 21:32:46,642 INFO o.a.j.t.JMeterThread: Thread finished: Sample-Test 1-279
2023-07-20 21:32:46,656 INFO o.a.j.t.JMeterThread: Thread is done: Sample-Test 1-146
2023-07-20 21:32:46,656 INFO o.a.j.t.JMeterThread: Thread finished: Sample-Test 1-146
2023-07-20 21:32:46,658 INFO o.a.j.t.JMeterThread: Thread is done: Sample-Test 1-240
2023-07-20 21:32:46,658 INFO o.a.j.t.JMeterThread: Thread finished: Sample-Test 1-240
2023-07-20 21:32:46,661 INFO o.a.j.t.JMeterThread: Thread is done: Sample-Test 1-174
2023-07-20 21:32:46,661 INFO o.a.j.t.JMeterThread: Thread finished: Sample-Test 1-174
2023-07-20 21:32:46,664 INFO o.a.j.t.JMeterThread: Thread is done: Sample-Test 1-241
2023-07-20 21:32:46,664 INFO o.a.j.t.JMeterThread: Thread is done: Sample-Test 1-83
2023-07-20 21:32:46,664 INFO o.a.j.t.JMeterThread: Thread finished: Sample-Test 1-241
2023-07-20 21:32:46,664 INFO o.a.j.t.JMeterThread: Thread finished: Sample-Test 1-83
2023-07-20 21:32:46,671 INFO o.a.j.t.JMeterThread: Thread is done: Sample-Test 1-57
2023-07-20 21:32:46,671 INFO o.a.j.t.JMeterThread: Thread finished: Sample-Test 1-57
2023-07-20 21:32:46,679 INFO o.a.j.t.JMeterThread: Thread is done: Sample-Test 1-126
2023-07-20 21:32:46,679 INFO o.a.j.t.JMeterThread: Thread is done: Sample-Test 1-127
2023-07-20 21:32:46,679 INFO o.a.j.t.JMeterThread: Thread finished: Sample-Test 1-127
2023-07-20 21:32:46,679 INFO o.a.j.t.JMeterThread: Thread finished: Sample-Test 1-126
2023-07-20 21:32:46,685 INFO o.a.j.t.JMeterThread: Thread is done: Sample-Test 1-299
2023-07-20 21:32:46,685 INFO o.a.j.t.JMeterThread: Thread finished: Sample-Test 1-299
2023-07-20 21:32:46,690 INFO o.a.j.t.JMeterThread: Thread is done: Sample-Test 1-273
2023-07-20 21:32:46,691 INFO o.a.j.t.JMeterThread: Thread finished: Sample-Test 1-273
2023-07-20 21:32:46,692 INFO o.a.j.t.JMeterThread: Thread is done: Sample-Test 1-269
2023-07-20 21:32:46,693 INFO o.a.j.t.JMeterThread: Thread finished: Sample-Test 1-269
2023-07-20 21:32:46,694 INFO o.a.j.t.JMeterThread: Thread is done: Sample-Test 1-123
2023-07-20 21:32:46,694 INFO o.a.j.t.JMeterThread: Thread finished: Sample-Test 1-123
2023-07-20 21:32:46,705 INFO o.a.j.t.JMeterThread: Thread is done: Sample-Test 1-55
2023-07-20 21:32:46,705 INFO o.a.j.t.JMeterThread: Thread finished: Sample-Test 1-55
2023-07-20 21:32:46,706 INFO o.a.j.t.JMeterThread: Thread is done: Sample-Test 1-68
2023-07-20 21:32:46,706 INFO o.a.j.t.JMeterThread: Thread finished: Sample-Test 1-68
2023-07-20 21:32:46,708 INFO o.a.j.t.JMeterThread: Thread is done: Sample-Test 1-102
2023-07-20 21:32:46,708 INFO o.a.j.t.JMeterThread: Thread finished: Sample-Test 1-102
2023-07-20 21:32:46,710 INFO o.a.j.t.JMeterThread: Thread is done: Sample-Test 1-236
2023-07-20 21:32:46,710 INFO o.a.j.t.JMeterThread: Thread finished: Sample-Test 1-236
2023-07-20 21:32:46,714 INFO o.a.j.t.JMeterThread: Thread is done: Sample-Test 1-233
2023-07-20 21:32:46,714 INFO o.a.j.t.JMeterThread: Thread finished: Sample-Test 1-233
2023-07-20 21:32:46,724 INFO o.a.j.t.JMeterThread: Thread is done: Sample-Test 1-3
2023-07-20 21:32:46,724 INFO o.a.j.t.JMeterThread: Thread finished: Sample-Test 1-3
2023-07-20 21:32:46,726 INFO o.a.j.t.JMeterThread: Thread is done: Sample-Test 1-115
2023-07-20 21:32:46,726 INFO o.a.j.t.JMeterThread: Thread finished: Sample-Test 1-115
2023-07-20 21:32:46,729 INFO o.a.j.t.JMeterThread: Thread is done: Sample-Test 1-128
2023-07-20 21:32:46,729 INFO o.a.j.t.JMeterThread: Thread finished: Sample-Test 1-128
2023-07-20 21:32:46,729 INFO o.a.j.t.JMeterThread: Thread is done: Sample-Test 1-216
2023-07-20 21:32:46,730 INFO o.a.j.t.JMeterThread: Thread finished: Sample-Test 1-216
2023-07-20 21:32:46,735 INFO o.a.j.t.JMeterThread: Thread is done: Sample-Test 1-61
2023-07-20 21:32:46,735 INFO o.a.j.t.JMeterThread: Thread finished: Sample-Test 1-61
2023-07-20 21:32:46,737 INFO o.a.j.t.JMeterThread: Thread is done: Sample-Test 1-167
2023-07-20 21:32:46,737 INFO o.a.j.t.JMeterThread: Thread finished: Sample-Test 1-167
2023-07-20 21:32:46,742 INFO o.a.j.t.JMeterThread: Thread is done: Sample-Test 1-46
2023-07-20 21:32:46,742 INFO o.a.j.t.JMeterThread: Thread finished: Sample-Test 1-46
2023-07-20 21:32:46,744 INFO o.a.j.t.JMeterThread: Thread is done: Sample-Test 1-199
2023-07-20 21:32:46,744 INFO o.a.j.t.JMeterThread: Thread finished: Sample-Test 1-199
2023-07-20 21:32:46,744 INFO o.a.j.t.JMeterThread: Thread is done: Sample-Test 1-18
2023-07-20 21:32:46,745 INFO o.a.j.t.JMeterThread: Thread finished: Sample-Test 1-18
2023-07-20 21:32:46,748 INFO o.a.j.t.JMeterThread: Thread is done: Sample-Test 1-215
2023-07-20 21:32:46,748 INFO o.a.j.t.JMeterThread: Thread finished: Sample-Test 1-215
2023-07-20 21:32:46,749 INFO o.a.j.t.JMeterThread: Thread is done: Sample-Test 1-183
2023-07-20 21:32:46,749 INFO o.a.j.t.JMeterThread: Thread finished: Sample-Test 1-183
2023-07-20 21:32:46,750 INFO o.a.j.t.JMeterThread: Thread is done: Sample-Test 1-64
2023-07-20 21:32:46,750 INFO o.a.j.t.JMeterThread: Thread finished: Sample-Test 1-64
2023-07-20 21:32:46,750 INFO o.a.j.t.JMeterThread: Thread is done: Sample-Test 1-230
2023-07-20 21:32:46,751 INFO o.a.j.t.JMeterThread: Thread finished: Sample-Test 1-230
2023-07-20 21:32:46,752 INFO o.a.j.t.JMeterThread: Thread is done: Sample-Test 1-295
2023-07-20 21:32:46,752 INFO o.a.j.t.JMeterThread: Thread finished: Sample-Test 1-295
2023-07-20 21:32:46,753 INFO o.a.j.t.JMeterThread: Thread is done: Sample-Test 1-26
2023-07-20 21:32:46,753 INFO o.a.j.t.JMeterThread: Thread finished: Sample-Test 1-26
2023-07-20 21:32:46,755 INFO o.a.j.t.JMeterThread: Thread is done: Sample-Test 1-287
2023-07-20 21:32:46,755 INFO o.a.j.t.JMeterThread: Thread finished: Sample-Test 1-287
2023-07-20 21:32:46,766 INFO o.a.j.t.JMeterThread: Thread is done: Sample-Test 1-201
2023-07-20 21:32:46,766 INFO o.a.j.t.JMeterThread: Thread finished: Sample-Test 1-201
2023-07-20 21:32:46,771 INFO o.a.j.t.JMeterThread: Thread is done: Sample-Test 1-16
2023-07-20 21:32:46,771 INFO o.a.j.t.JMeterThread: Thread finished: Sample-Test 1-16
2023-07-20 21:32:46,773 INFO o.a.j.t.JMeterThread: Thread is done: Sample-Test 1-125
2023-07-20 21:32:46,773 INFO o.a.j.t.JMeterThread: Thread finished: Sample-Test 1-125
2023-07-20 21:32:46,783 INFO o.a.j.t.JMeterThread: Thread is done: Sample-Test 1-195
2023-07-20 21:32:46,783 INFO o.a.j.t.JMeterThread: Thread finished: Sample-Test 1-195
2023-07-20 21:32:46,787 INFO o.a.j.t.JMeterThread: Thread is done: Sample-Test 1-160
2023-07-20 21:32:46,788 INFO o.a.j.t.JMeterThread: Thread finished: Sample-Test 1-160
2023-07-20 21:32:46,789 INFO o.a.j.t.JMeterThread: Thread is done: Sample-Test 1-197
2023-07-20 21:32:46,790 INFO o.a.j.t.JMeterThread: Thread finished: Sample-Test 1-197
2023-07-20 21:32:46,792 INFO o.a.j.t.JMeterThread: Thread is done: Sample-Test 1-278
2023-07-20 21:32:46,792 INFO o.a.j.t.JMeterThread: Thread is done: Sample-Test 1-129
2023-07-20 21:32:46,792 INFO o.a.j.t.JMeterThread: Thread finished: Sample-Test 1-278
2023-07-20 21:32:46,792 INFO o.a.j.t.JMeterThread: Thread finished: Sample-Test 1-129
2023-07-20 21:32:46,798 INFO o.a.j.t.JMeterThread: Thread is done: Sample-Test 1-192
2023-07-20 21:32:46,799 INFO o.a.j.t.JMeterThread: Thread finished: Sample-Test 1-192
2023-07-20 21:32:46,800 INFO o.a.j.t.JMeterThread: Thread is done: Sample-Test 1-113
2023-07-20 21:32:46,801 INFO o.a.j.t.JMeterThread: Thread finished: Sample-Test 1-113
2023-07-20 21:32:46,805 INFO o.a.j.t.JMeterThread: Thread is done: Sample-Test 1-158
2023-07-20 21:32:46,807 INFO o.a.j.t.JMeterThread: Thread finished: Sample-Test 1-158
2023-07-20 21:32:46,809 INFO o.a.j.t.JMeterThread: Thread is done: Sample-Test 1-66
2023-07-20 21:32:46,810 INFO o.a.j.t.JMeterThread: Thread finished: Sample-Test 1-66
2023-07-20 21:32:46,812 INFO o.a.j.t.JMeterThread: Thread is done: Sample-Test 1-114
2023-07-20 21:32:46,812 INFO o.a.j.t.JMeterThread: Thread finished: Sample-Test 1-114
2023-07-20 21:32:46,813 INFO o.a.j.t.JMeterThread: Thread is done: Sample-Test 1-131
2023-07-20 21:32:46,814 INFO o.a.j.t.JMeterThread: Thread finished: Sample-Test 1-131
2023-07-20 21:32:46,814 INFO o.a.j.t.JMeterThread: Thread is done: Sample-Test 1-132
2023-07-20 21:32:46,815 INFO o.a.j.t.JMeterThread: Thread finished: Sample-Test 1-132
2023-07-20 21:32:46,818 INFO o.a.j.t.JMeterThread: Thread is done: Sample-Test 1-259
2023-07-20 21:32:46,818 INFO o.a.j.t.JMeterThread: Thread finished: Sample-Test 1-259
2023-07-20 21:32:46,820 INFO o.a.j.t.JMeterThread: Thread is done: Sample-Test 1-275
2023-07-20 21:32:46,821 INFO o.a.j.t.JMeterThread: Thread finished: Sample-Test 1-275
2023-07-20 21:32:46,822 INFO o.a.j.t.JMeterThread: Thread is done: Sample-Test 1-96
2023-07-20 21:32:46,822 INFO o.a.j.t.JMeterThread: Thread finished: Sample-Test 1-96
2023-07-20 21:32:46,824 INFO o.a.j.t.JMeterThread: Thread is done: Sample-Test 1-298
2023-07-20 21:32:46,825 INFO o.a.j.t.JMeterThread: Thread finished: Sample-Test 1-298
2023-07-20 21:32:46,826 INFO o.a.j.t.JMeterThread: Thread is done: Sample-Test 1-165
2023-07-20 21:32:46,826 INFO o.a.j.t.JMeterThread: Thread finished: Sample-Test 1-165
2023-07-20 21:32:46,828 INFO o.a.j.t.JMeterThread: Thread is done: Sample-Test 1-204
2023-07-20 21:32:46,829 INFO o.a.j.t.JMeterThread: Thread finished: Sample-Test 1-204
2023-07-20 21:32:46,834 INFO o.a.j.t.JMeterThread: Thread is done: Sample-Test 1-87
2023-07-20 21:32:46,834 INFO o.a.j.t.JMeterThread: Thread finished: Sample-Test 1-87
2023-07-20 21:32:46,835 INFO o.a.j.t.JMeterThread: Thread is done: Sample-Test 1-60
2023-07-20 21:32:46,835 INFO o.a.j.t.JMeterThread: Thread finished: Sample-Test 1-60
2023-07-20 21:32:46,839 INFO o.a.j.t.JMeterThread: Thread is done: Sample-Test 1-277
2023-07-20 21:32:46,840 INFO o.a.j.t.JMeterThread: Thread finished: Sample-Test 1-277
2023-07-20 21:32:46,842 INFO o.a.j.t.JMeterThread: Thread is done: Sample-Test 1-25
2023-07-20 21:32:46,842 INFO o.a.j.t.JMeterThread: Thread finished: Sample-Test 1-25
2023-07-20 21:32:46,843 INFO o.a.j.t.JMeterThread: Thread is done: Sample-Test 1-34
2023-07-20 21:32:46,843 INFO o.a.j.t.JMeterThread: Thread finished: Sample-Test 1-34
2023-07-20 21:32:46,845 INFO o.a.j.t.JMeterThread: Thread is done: Sample-Test 1-53
2023-07-20 21:32:46,845 INFO o.a.j.t.JMeterThread: Thread finished: Sample-Test 1-53
2023-07-20 21:32:46,849 INFO o.a.j.t.JMeterThread: Thread is done: Sample-Test 1-280
2023-07-20 21:32:46,849 INFO o.a.j.t.JMeterThread: Thread is done: Sample-Test 1-172
2023-07-20 21:32:46,849 INFO o.a.j.t.JMeterThread: Thread finished: Sample-Test 1-172
2023-07-20 21:32:46,849 INFO o.a.j.t.JMeterThread: Thread finished: Sample-Test 1-280
2023-07-20 21:32:46,851 INFO o.a.j.t.JMeterThread: Thread is done: Sample-Test 1-156
2023-07-20 21:32:46,851 INFO o.a.j.t.JMeterThread: Thread is done: Sample-Test 1-190
2023-07-20 21:32:46,851 INFO o.a.j.t.JMeterThread: Thread finished: Sample-Test 1-156
2023-07-20 21:32:46,851 INFO o.a.j.t.JMeterThread: Thread finished: Sample-Test 1-190
2023-07-20 21:32:46,853 INFO o.a.j.t.JMeterThread: Thread is done: Sample-Test 1-206
2023-07-20 21:32:46,853 INFO o.a.j.t.JMeterThread: Thread finished: Sample-Test 1-206
2023-07-20 21:32:46,855 INFO o.a.j.t.JMeterThread: Thread is done: Sample-Test 1-35
2023-07-20 21:32:46,856 INFO o.a.j.t.JMeterThread: Thread finished: Sample-Test 1-35
2023-07-20 21:32:46,862 INFO o.a.j.t.JMeterThread: Thread is done: Sample-Test 1-212
2023-07-20 21:32:46,862 INFO o.a.j.t.JMeterThread: Thread is done: Sample-Test 1-33
2023-07-20 21:32:46,863 INFO o.a.j.t.JMeterThread: Thread finished: Sample-Test 1-212
2023-07-20 21:32:46,863 INFO o.a.j.t.JMeterThread: Thread finished: Sample-Test 1-33
2023-07-20 21:32:46,866 INFO o.a.j.t.JMeterThread: Thread is done: Sample-Test 1-168
2023-07-20 21:32:46,866 INFO o.a.j.t.JMeterThread: Thread finished: Sample-Test 1-168
2023-07-20 21:32:46,872 INFO o.a.j.t.JMeterThread: Thread is done: Sample-Test 1-38
2023-07-20 21:32:46,872 INFO o.a.j.t.JMeterThread: Thread finished: Sample-Test 1-38
2023-07-20 21:32:46,873 INFO o.a.j.t.JMeterThread: Thread is done: Sample-Test 1-74
2023-07-20 21:32:46,873 INFO o.a.j.t.JMeterThread: Thread finished: Sample-Test 1-74
2023-07-20 21:32:46,879 INFO o.a.j.t.JMeterThread: Thread is done: Sample-Test 1-157
2023-07-20 21:32:46,879 INFO o.a.j.t.JMeterThread: Thread finished: Sample-Test 1-157
2023-07-20 21:32:46,882 INFO o.a.j.t.JMeterThread: Thread is done: Sample-Test 1-5
2023-07-20 21:32:46,882 INFO o.a.j.t.JMeterThread: Thread is done: Sample-Test 1-243
2023-07-20 21:32:46,882 INFO o.a.j.t.JMeterThread: Thread finished: Sample-Test 1-5
2023-07-20 21:32:46,882 INFO o.a.j.t.JMeterThread: Thread finished: Sample-Test 1-243
2023-07-20 21:32:46,886 INFO o.a.j.t.JMeterThread: Thread is done: Sample-Test 1-250
2023-07-20 21:32:46,886 INFO o.a.j.t.JMeterThread: Thread finished: Sample-Test 1-250
2023-07-20 21:32:46,889 INFO o.a.j.t.JMeterThread: Thread is done: Sample-Test 1-225
2023-07-20 21:32:46,890 INFO o.a.j.t.JMeterThread: Thread finished: Sample-Test 1-225
2023-07-20 21:32:46,893 INFO o.a.j.t.JMeterThread: Thread is done: Sample-Test 1-164
2023-07-20 21:32:46,893 INFO o.a.j.t.JMeterThread: Thread finished: Sample-Test 1-164
2023-07-20 21:32:46,898 INFO o.a.j.t.JMeterThread: Thread is done: Sample-Test 1-95
2023-07-20 21:32:46,899 INFO o.a.j.t.JMeterThread: Thread finished: Sample-Test 1-95
2023-07-20 21:32:46,902 INFO o.a.j.t.JMeterThread: Thread is done: Sample-Test 1-205
2023-07-20 21:32:46,902 INFO o.a.j.t.JMeterThread: Thread is done: Sample-Test 1-258
2023-07-20 21:32:46,902 INFO o.a.j.t.JMeterThread: Thread finished: Sample-Test 1-258
2023-07-20 21:32:46,902 INFO o.a.j.t.JMeterThread: Thread finished: Sample-Test 1-205
2023-07-20 21:32:46,910 INFO o.a.j.t.JMeterThread: Thread is done: Sample-Test 1-39
2023-07-20 21:32:46,910 INFO o.a.j.t.JMeterThread: Thread finished: Sample-Test 1-39
2023-07-20 21:32:46,912 INFO o.a.j.t.JMeterThread: Thread is done: Sample-Test 1-22
2023-07-20 21:32:46,912 INFO o.a.j.t.JMeterThread: Thread finished: Sample-Test 1-22
2023-07-20 21:32:46,916 INFO o.a.j.t.JMeterThread: Thread is done: Sample-Test 1-90
2023-07-20 21:32:46,916 INFO o.a.j.t.JMeterThread: Thread finished: Sample-Test 1-90
2023-07-20 21:32:46,921 INFO o.a.j.t.JMeterThread: Thread is done: Sample-Test 1-154
2023-07-20 21:32:46,921 INFO o.a.j.t.JMeterThread: Thread finished: Sample-Test 1-154
2023-07-20 21:32:46,922 INFO o.a.j.t.JMeterThread: Thread is done: Sample-Test 1-252
2023-07-20 21:32:46,922 INFO o.a.j.t.JMeterThread: Thread finished: Sample-Test 1-252
2023-07-20 21:32:46,924 INFO o.a.j.t.JMeterThread: Thread is done: Sample-Test 1-297
2023-07-20 21:32:46,924 INFO o.a.j.t.JMeterThread: Thread finished: Sample-Test 1-297
2023-07-20 21:32:46,933 INFO o.a.j.t.JMeterThread: Thread is done: Sample-Test 1-94
2023-07-20 21:32:46,933 INFO o.a.j.t.JMeterThread: Thread finished: Sample-Test 1-94
2023-07-20 21:32:46,946 INFO o.a.j.t.JMeterThread: Thread is done: Sample-Test 1-98
2023-07-20 21:32:46,946 INFO o.a.j.t.JMeterThread: Thread finished: Sample-Test 1-98
2023-07-20 21:32:46,950 INFO o.a.j.t.JMeterThread: Thread is done: Sample-Test 1-82
2023-07-20 21:32:46,950 INFO o.a.j.t.JMeterThread: Thread finished: Sample-Test 1-82
2023-07-20 21:32:46,951 INFO o.a.j.t.JMeterThread: Thread is done: Sample-Test 1-137
2023-07-20 21:32:46,951 INFO o.a.j.t.JMeterThread: Thread finished: Sample-Test 1-137
2023-07-20 21:32:46,955 INFO o.a.j.t.JMeterThread: Thread is done: Sample-Test 1-145
2023-07-20 21:32:46,955 INFO o.a.j.t.JMeterThread: Thread finished: Sample-Test 1-145
2023-07-20 21:32:46,956 INFO o.a.j.t.JMeterThread: Thread is done: Sample-Test 1-274
2023-07-20 21:32:46,956 INFO o.a.j.t.JMeterThread: Thread finished: Sample-Test 1-274
2023-07-20 21:32:46,957 INFO o.a.j.t.JMeterThread: Thread is done: Sample-Test 1-288
2023-07-20 21:32:46,957 INFO o.a.j.t.JMeterThread: Thread finished: Sample-Test 1-288
2023-07-20 21:32:46,958 INFO o.a.j.t.JMeterThread: Thread is done: Sample-Test 1-262
2023-07-20 21:32:46,959 INFO o.a.j.t.JMeterThread: Thread finished: Sample-Test 1-262
2023-07-20 21:32:46,962 INFO o.a.j.t.JMeterThread: Thread is done: Sample-Test 1-1
2023-07-20 21:32:46,962 INFO o.a.j.t.JMeterThread: Thread finished: Sample-Test 1-1
2023-07-20 21:32:46,965 INFO o.a.j.t.JMeterThread: Thread is done: Sample-Test 1-255
2023-07-20 21:32:46,965 INFO o.a.j.t.JMeterThread: Thread finished: Sample-Test 1-255
2023-07-20 21:32:46,969 INFO o.a.j.t.JMeterThread: Thread is done: Sample-Test 1-256
2023-07-20 21:32:46,969 INFO o.a.j.t.JMeterThread: Thread finished: Sample-Test 1-256
2023-07-20 21:32:46,970 INFO o.a.j.t.JMeterThread: Thread is done: Sample-Test 1-182
2023-07-20 21:32:46,970 INFO o.a.j.t.JMeterThread: Thread finished: Sample-Test 1-182
2023-07-20 21:32:46,974 INFO o.a.j.t.JMeterThread: Thread is done: Sample-Test 1-19
2023-07-20 21:32:46,974 INFO o.a.j.t.JMeterThread: Thread finished: Sample-Test 1-19
2023-07-20 21:32:46,980 INFO o.a.j.t.JMeterThread: Thread is done: Sample-Test 1-181
2023-07-20 21:32:46,980 INFO o.a.j.t.JMeterThread: Thread finished: Sample-Test 1-181
2023-07-20 21:32:46,982 INFO o.a.j.t.JMeterThread: Thread is done: Sample-Test 1-245
2023-07-20 21:32:46,982 INFO o.a.j.t.JMeterThread: Thread finished: Sample-Test 1-245
2023-07-20 21:32:46,982 INFO o.a.j.t.JMeterThread: Thread is done: Sample-Test 1-211
2023-07-20 21:32:46,982 INFO o.a.j.t.JMeterThread: Thread finished: Sample-Test 1-211
2023-07-20 21:32:46,991 INFO o.a.j.t.JMeterThread: Thread is done: Sample-Test 1-289
2023-07-20 21:32:46,991 INFO o.a.j.t.JMeterThread: Thread finished: Sample-Test 1-289
2023-07-20 21:32:46,993 INFO o.a.j.t.JMeterThread: Thread is done: Sample-Test 1-264
2023-07-20 21:32:46,993 INFO o.a.j.t.JMeterThread: Thread finished: Sample-Test 1-264
2023-07-20 21:32:46,996 INFO o.a.j.t.JMeterThread: Thread is done: Sample-Test 1-8
2023-07-20 21:32:46,996 INFO o.a.j.t.JMeterThread: Thread finished: Sample-Test 1-8
2023-07-20 21:32:47,002 INFO o.a.j.t.JMeterThread: Thread is done: Sample-Test 1-76
2023-07-20 21:32:47,003 INFO o.a.j.t.JMeterThread: Thread finished: Sample-Test 1-76
2023-07-20 21:32:47,006 INFO o.a.j.t.JMeterThread: Thread is done: Sample-Test 1-20
2023-07-20 21:32:47,006 INFO o.a.j.t.JMeterThread: Thread finished: Sample-Test 1-20
2023-07-20 21:32:47,012 INFO o.a.j.t.JMeterThread: Thread is done: Sample-Test 1-220
2023-07-20 21:32:47,012 INFO o.a.j.t.JMeterThread: Thread finished: Sample-Test 1-220
2023-07-20 21:32:47,015 INFO o.a.j.t.JMeterThread: Thread is done: Sample-Test 1-227
2023-07-20 21:32:47,015 INFO o.a.j.t.JMeterThread: Thread finished: Sample-Test 1-227
2023-07-20 21:32:47,017 INFO o.a.j.t.JMeterThread: Thread is done: Sample-Test 1-198
2023-07-20 21:32:47,017 INFO o.a.j.t.JMeterThread: Thread finished: Sample-Test 1-198
2023-07-20 21:32:47,020 INFO o.a.j.t.JMeterThread: Thread is done: Sample-Test 1-175
2023-07-20 21:32:47,020 INFO o.a.j.t.JMeterThread: Thread is done: Sample-Test 1-56
2023-07-20 21:32:47,020 INFO o.a.j.t.JMeterThread: Thread is done: Sample-Test 1-184
2023-07-20 21:32:47,020 INFO o.a.j.t.JMeterThread: Thread finished: Sample-Test 1-175
2023-07-20 21:32:47,020 INFO o.a.j.t.JMeterThread: Thread finished: Sample-Test 1-184
2023-07-20 21:32:47,021 INFO o.a.j.t.JMeterThread: Thread finished: Sample-Test 1-56
2023-07-20 21:32:47,028 INFO o.a.j.t.JMeterThread: Thread is done: Sample-Test 1-72
2023-07-20 21:32:47,029 INFO o.a.j.t.JMeterThread: Thread finished: Sample-Test 1-72
2023-07-20 21:32:47,030 INFO o.a.j.t.JMeterThread: Thread is done: Sample-Test 1-6
2023-07-20 21:32:47,030 INFO o.a.j.t.JMeterThread: Thread finished: Sample-Test 1-6
2023-07-20 21:32:47,034 INFO o.a.j.t.JMeterThread: Thread is done: Sample-Test 1-231
2023-07-20 21:32:47,034 INFO o.a.j.t.JMeterThread: Thread finished: Sample-Test 1-231
2023-07-20 21:32:47,038 INFO o.a.j.t.JMeterThread: Thread is done: Sample-Test 1-247
2023-07-20 21:32:47,038 INFO o.a.j.t.JMeterThread: Thread finished: Sample-Test 1-247
2023-07-20 21:32:47,040 INFO o.a.j.t.JMeterThread: Thread is done: Sample-Test 1-43
2023-07-20 21:32:47,040 INFO o.a.j.t.JMeterThread: Thread finished: Sample-Test 1-43
2023-07-20 21:32:47,043 INFO o.a.j.t.JMeterThread: Thread is done: Sample-Test 1-170
2023-07-20 21:32:47,043 INFO o.a.j.t.JMeterThread: Thread finished: Sample-Test 1-170
2023-07-20 21:32:47,047 INFO o.a.j.t.JMeterThread: Thread is done: Sample-Test 1-147
2023-07-20 21:32:47,047 INFO o.a.j.t.JMeterThread: Thread finished: Sample-Test 1-147
2023-07-20 21:32:47,050 INFO o.a.j.t.JMeterThread: Thread is done: Sample-Test 1-226
2023-07-20 21:32:47,050 INFO o.a.j.t.JMeterThread: Thread finished: Sample-Test 1-226
2023-07-20 21:32:47,052 INFO o.a.j.t.JMeterThread: Thread is done: Sample-Test 1-44
2023-07-20 21:32:47,052 INFO o.a.j.t.JMeterThread: Thread finished: Sample-Test 1-44
2023-07-20 21:32:47,054 INFO o.a.j.t.JMeterThread: Thread is done: Sample-Test 1-263
2023-07-20 21:32:47,054 INFO o.a.j.t.JMeterThread: Thread finished: Sample-Test 1-263
2023-07-20 21:32:47,056 INFO o.a.j.t.JMeterThread: Thread is done: Sample-Test 1-89
2023-07-20 21:32:47,056 INFO o.a.j.t.JMeterThread: Thread finished: Sample-Test 1-89
2023-07-20 21:32:47,057 INFO o.a.j.t.JMeterThread: Thread is done: Sample-Test 1-109
2023-07-20 21:32:47,057 INFO o.a.j.t.JMeterThread: Thread finished: Sample-Test 1-109
2023-07-20 21:32:47,060 INFO o.a.j.t.JMeterThread: Thread is done: Sample-Test 1-112
2023-07-20 21:32:47,060 INFO o.a.j.t.JMeterThread: Thread is done: Sample-Test 1-282
2023-07-20 21:32:47,061 INFO o.a.j.t.JMeterThread: Thread finished: Sample-Test 1-112
2023-07-20 21:32:47,061 INFO o.a.j.t.JMeterThread: Thread finished: Sample-Test 1-282
2023-07-20 21:32:47,070 INFO o.a.j.t.JMeterThread: Thread is done: Sample-Test 1-261
2023-07-20 21:32:47,070 INFO o.a.j.t.JMeterThread: Thread finished: Sample-Test 1-261
2023-07-20 21:32:47,070 INFO o.a.j.t.JMeterThread: Thread is done: Sample-Test 1-148
2023-07-20 21:32:47,070 INFO o.a.j.t.JMeterThread: Thread finished: Sample-Test 1-148
2023-07-20 21:32:47,072 INFO o.a.j.t.JMeterThread: Thread is done: Sample-Test 1-111
2023-07-20 21:32:47,072 INFO o.a.j.t.JMeterThread: Thread finished: Sample-Test 1-111
2023-07-20 21:32:47,074 INFO o.a.j.t.JMeterThread: Thread is done: Sample-Test 1-202
2023-07-20 21:32:47,074 INFO o.a.j.t.JMeterThread: Thread finished: Sample-Test 1-202
2023-07-20 21:32:47,076 INFO o.a.j.t.JMeterThread: Thread is done: Sample-Test 1-159
2023-07-20 21:32:47,076 INFO o.a.j.t.JMeterThread: Thread finished: Sample-Test 1-159
2023-07-20 21:32:47,076 INFO o.a.j.t.JMeterThread: Thread is done: Sample-Test 1-246
2023-07-20 21:32:47,077 INFO o.a.j.t.JMeterThread: Thread finished: Sample-Test 1-246
2023-07-20 21:32:47,078 INFO o.a.j.t.JMeterThread: Thread is done: Sample-Test 1-67
2023-07-20 21:32:47,078 INFO o.a.j.t.JMeterThread: Thread finished: Sample-Test 1-67
2023-07-20 21:32:47,082 INFO o.a.j.t.JMeterThread: Thread is done: Sample-Test 1-218
2023-07-20 21:32:47,083 INFO o.a.j.t.JMeterThread: Thread finished: Sample-Test 1-218
2023-07-20 21:32:47,086 INFO o.a.j.t.JMeterThread: Thread is done: Sample-Test 1-88
2023-07-20 21:32:47,086 INFO o.a.j.t.JMeterThread: Thread finished: Sample-Test 1-88
2023-07-20 21:32:47,091 INFO o.a.j.t.JMeterThread: Thread is done: Sample-Test 1-194
2023-07-20 21:32:47,092 INFO o.a.j.t.JMeterThread: Thread finished: Sample-Test 1-194
2023-07-20 21:32:47,104 INFO o.a.j.t.JMeterThread: Thread is done: Sample-Test 1-78
2023-07-20 21:32:47,104 INFO o.a.j.t.JMeterThread: Thread finished: Sample-Test 1-78
2023-07-20 21:32:47,107 INFO o.a.j.t.JMeterThread: Thread is done: Sample-Test 1-144
2023-07-20 21:32:47,107 INFO o.a.j.t.JMeterThread: Thread finished: Sample-Test 1-144
2023-07-20 21:32:47,110 INFO o.a.j.t.JMeterThread: Thread is done: Sample-Test 1-253
2023-07-20 21:32:47,110 INFO o.a.j.t.JMeterThread: Thread finished: Sample-Test 1-253
2023-07-20 21:32:47,112 INFO o.a.j.t.JMeterThread: Thread is done: Sample-Test 1-138
2023-07-20 21:32:47,112 INFO o.a.j.t.JMeterThread: Thread finished: Sample-Test 1-138
2023-07-20 21:32:47,117 INFO o.a.j.t.JMeterThread: Thread is done: Sample-Test 1-251
2023-07-20 21:32:47,117 INFO o.a.j.t.JMeterThread: Thread finished: Sample-Test 1-251
2023-07-20 21:32:47,123 INFO o.a.j.t.JMeterThread: Thread is done: Sample-Test 1-50
2023-07-20 21:32:47,123 INFO o.a.j.t.JMeterThread: Thread finished: Sample-Test 1-50
2023-07-20 21:32:47,124 INFO o.a.j.t.JMeterThread: Thread is done: Sample-Test 1-142
2023-07-20 21:32:47,125 INFO o.a.j.t.JMeterThread: Thread finished: Sample-Test 1-142
2023-07-20 21:32:47,126 INFO o.a.j.t.JMeterThread: Thread is done: Sample-Test 1-121
2023-07-20 21:32:47,126 INFO o.a.j.t.JMeterThread: Thread finished: Sample-Test 1-121
2023-07-20 21:32:47,132 INFO o.a.j.t.JMeterThread: Thread is done: Sample-Test 1-17
2023-07-20 21:32:47,132 INFO o.a.j.t.JMeterThread: Thread finished: Sample-Test 1-17
2023-07-20 21:32:47,136 INFO o.a.j.t.JMeterThread: Thread is done: Sample-Test 1-11
2023-07-20 21:32:47,136 INFO o.a.j.t.JMeterThread: Thread finished: Sample-Test 1-11
2023-07-20 21:32:47,164 INFO o.a.j.t.JMeterThread: Thread is done: Sample-Test 1-118
2023-07-20 21:32:47,164 INFO o.a.j.t.JMeterThread: Thread finished: Sample-Test 1-118
2023-07-20 21:32:47,170 INFO o.a.j.t.JMeterThread: Thread is done: Sample-Test 1-151
2023-07-20 21:32:47,170 INFO o.a.j.t.JMeterThread: Thread finished: Sample-Test 1-151
2023-07-20 21:32:47,175 INFO o.a.j.t.JMeterThread: Thread is done: Sample-Test 1-285
2023-07-20 21:32:47,175 INFO o.a.j.t.JMeterThread: Thread finished: Sample-Test 1-285
2023-07-20 21:32:47,177 INFO o.a.j.t.JMeterThread: Thread is done: Sample-Test 1-248
2023-07-20 21:32:47,177 INFO o.a.j.t.JMeterThread: Thread finished: Sample-Test 1-248
2023-07-20 21:32:47,178 INFO o.a.j.t.JMeterThread: Thread is done: Sample-Test 1-162
2023-07-20 21:32:47,178 INFO o.a.j.t.JMeterThread: Thread finished: Sample-Test 1-162
2023-07-20 21:32:47,178 INFO o.a.j.t.JMeterThread: Thread is done: Sample-Test 1-185
2023-07-20 21:32:47,179 INFO o.a.j.t.JMeterThread: Thread finished: Sample-Test 1-185
2023-07-20 21:32:47,180 INFO o.a.j.t.JMeterThread: Thread is done: Sample-Test 1-101
2023-07-20 21:32:47,180 INFO o.a.j.t.JMeterThread: Thread finished: Sample-Test 1-101
2023-07-20 21:32:47,187 INFO o.a.j.t.JMeterThread: Thread is done: Sample-Test 1-266
2023-07-20 21:32:47,187 INFO o.a.j.t.JMeterThread: Thread finished: Sample-Test 1-266
2023-07-20 21:32:47,195 INFO o.a.j.t.JMeterThread: Thread is done: Sample-Test 1-200
2023-07-20 21:32:47,195 INFO o.a.j.t.JMeterThread: Thread finished: Sample-Test 1-200
2023-07-20 21:32:47,202 INFO o.a.j.t.JMeterThread: Thread is done: Sample-Test 1-242
2023-07-20 21:32:47,202 INFO o.a.j.t.JMeterThread: Thread finished: Sample-Test 1-242
2023-07-20 21:32:47,203 INFO o.a.j.t.JMeterThread: Thread is done: Sample-Test 1-294
2023-07-20 21:32:47,203 INFO o.a.j.t.JMeterThread: Thread finished: Sample-Test 1-294
2023-07-20 21:32:47,207 INFO o.a.j.t.JMeterThread: Thread is done: Sample-Test 1-149
2023-07-20 21:32:47,207 INFO o.a.j.t.JMeterThread: Thread finished: Sample-Test 1-149
2023-07-20 21:32:47,207 INFO o.a.j.t.JMeterThread: Thread is done: Sample-Test 1-122
2023-07-20 21:32:47,208 INFO o.a.j.t.JMeterThread: Thread finished: Sample-Test 1-122
2023-07-20 21:32:47,208 INFO o.a.j.t.JMeterThread: Thread is done: Sample-Test 1-65
2023-07-20 21:32:47,208 INFO o.a.j.t.JMeterThread: Thread finished: Sample-Test 1-65
2023-07-20 21:32:47,209 INFO o.a.j.t.JMeterThread: Thread is done: Sample-Test 1-52
2023-07-20 21:32:47,209 INFO o.a.j.t.JMeterThread: Thread finished: Sample-Test 1-52
2023-07-20 21:32:47,216 INFO o.a.j.t.JMeterThread: Thread is done: Sample-Test 1-196
2023-07-20 21:32:47,216 INFO o.a.j.t.JMeterThread: Thread finished: Sample-Test 1-196
2023-07-20 21:32:47,217 INFO o.a.j.t.JMeterThread: Thread is done: Sample-Test 1-217
2023-07-20 21:32:47,217 INFO o.a.j.t.JMeterThread: Thread finished: Sample-Test 1-217
2023-07-20 21:32:47,219 INFO o.a.j.t.JMeterThread: Thread is done: Sample-Test 1-99
2023-07-20 21:32:47,219 INFO o.a.j.t.JMeterThread: Thread is done: Sample-Test 1-155
2023-07-20 21:32:47,219 INFO o.a.j.t.JMeterThread: Thread finished: Sample-Test 1-99
2023-07-20 21:32:47,219 INFO o.a.j.t.JMeterThread: Thread finished: Sample-Test 1-155
2023-07-20 21:32:47,221 INFO o.a.j.t.JMeterThread: Thread is done: Sample-Test 1-268
2023-07-20 21:32:47,221 INFO o.a.j.t.JMeterThread: Thread is done: Sample-Test 1-150
2023-07-20 21:32:47,221 INFO o.a.j.t.JMeterThread: Thread finished: Sample-Test 1-268
2023-07-20 21:32:47,221 INFO o.a.j.t.JMeterThread: Thread finished: Sample-Test 1-150
2023-07-20 21:32:47,234 INFO o.a.j.t.JMeterThread: Thread is done: Sample-Test 1-234
2023-07-20 21:32:47,234 INFO o.a.j.t.JMeterThread: Thread finished: Sample-Test 1-234
2023-07-20 21:32:47,238 INFO o.a.j.t.JMeterThread: Thread is done: Sample-Test 1-42
2023-07-20 21:32:47,238 INFO o.a.j.t.JMeterThread: Thread finished: Sample-Test 1-42
2023-07-20 21:32:47,246 INFO o.a.j.t.JMeterThread: Thread is done: Sample-Test 1-191
2023-07-20 21:32:47,246 INFO o.a.j.t.JMeterThread: Thread finished: Sample-Test 1-191
2023-07-20 21:32:47,248 INFO o.a.j.t.JMeterThread: Thread is done: Sample-Test 1-208
2023-07-20 21:32:47,248 INFO o.a.j.t.JMeterThread: Thread finished: Sample-Test 1-208
2023-07-20 21:32:47,257 INFO o.a.j.t.JMeterThread: Thread is done: Sample-Test 1-47
2023-07-20 21:32:47,257 INFO o.a.j.t.JMeterThread: Thread finished: Sample-Test 1-47
2023-07-20 21:32:47,261 INFO o.a.j.t.JMeterThread: Thread is done: Sample-Test 1-178
2023-07-20 21:32:47,261 INFO o.a.j.t.JMeterThread: Thread finished: Sample-Test 1-178
2023-07-20 21:32:47,265 INFO o.a.j.t.JMeterThread: Thread is done: Sample-Test 1-291
2023-07-20 21:32:47,265 INFO o.a.j.t.JMeterThread: Thread finished: Sample-Test 1-291
2023-07-20 21:32:47,287 INFO o.a.j.t.JMeterThread: Thread is done: Sample-Test 1-93
2023-07-20 21:32:47,287 INFO o.a.j.t.JMeterThread: Thread finished: Sample-Test 1-93
2023-07-20 21:32:47,290 INFO o.a.j.t.JMeterThread: Thread is done: Sample-Test 1-48
2023-07-20 21:32:47,290 INFO o.a.j.t.JMeterThread: Thread finished: Sample-Test 1-48
2023-07-20 21:32:47,326 INFO o.a.j.t.JMeterThread: Thread is done: Sample-Test 1-124
2023-07-20 21:32:47,326 INFO o.a.j.t.JMeterThread: Thread finished: Sample-Test 1-124
2023-07-20 21:32:47,340 INFO o.a.j.t.JMeterThread: Thread is done: Sample-Test 1-27
2023-07-20 21:32:47,340 INFO o.a.j.t.JMeterThread: Thread finished: Sample-Test 1-27
2023-07-20 21:32:47,385 INFO o.a.j.t.JMeterThread: Thread is done: Sample-Test 1-187
2023-07-20 21:32:47,386 INFO o.a.j.t.JMeterThread: Thread finished: Sample-Test 1-187
2023-07-20 21:32:47,390 INFO o.a.j.t.JMeterThread: Thread is done: Sample-Test 1-232
2023-07-20 21:32:47,390 INFO o.a.j.t.JMeterThread: Thread finished: Sample-Test 1-232
2023-07-20 21:32:47,407 INFO o.a.j.t.JMeterThread: Thread is done: Sample-Test 1-224
2023-07-20 21:32:47,407 INFO o.a.j.t.JMeterThread: Thread finished: Sample-Test 1-224
2023-07-20 21:32:47,417 INFO o.a.j.t.JMeterThread: Thread is done: Sample-Test 1-117
2023-07-20 21:32:47,417 INFO o.a.j.t.JMeterThread: Thread finished: Sample-Test 1-117
2023-07-20 21:32:47,437 INFO o.a.j.t.JMeterThread: Thread is done: Sample-Test 1-21
2023-07-20 21:32:47,437 INFO o.a.j.t.JMeterThread: Thread finished: Sample-Test 1-21
2023-07-20 21:32:47,438 INFO o.a.j.e.StandardJMeterEngine: Notifying test listeners of end of test
2023-07-20 21:32:47,440 INFO o.a.j.r.Summariser: summary =   1500 in 00:00:11 =  141.1/s Avg:  1849 Min:    32 Max:  8948 Err:     0 (0.00%)
2023-07-20 21:32:47,440 INFO o.a.j.JMeter: Generating Dashboard
2023-07-20 21:32:47,441 INFO o.a.j.r.d.ReportGenerator: Flushing result collector before report Generation
2023-07-20 21:32:47,462 INFO o.a.j.r.p.NormalizerSampleConsumer: Using format, 'ms', to parse timeStamp field
2023-07-20 21:32:47,792 INFO o.a.j.r.p.AbstractSampleConsumer: class org.apache.jmeter.report.processor.AggregateConsumer#stopProducing(): beginDate produced 0 samples
2023-07-20 21:32:47,792 INFO o.a.j.r.p.AbstractSampleConsumer: class org.apache.jmeter.report.processor.AggregateConsumer#stopProducing(): endDate produced 0 samples
2023-07-20 21:32:47,796 INFO o.a.j.r.p.AbstractSampleConsumer: class org.apache.jmeter.report.processor.ApdexSummaryConsumer#stopProducing(): apdexSummary produced 0 samples
2023-07-20 21:32:47,797 INFO o.a.j.r.p.AbstractSampleConsumer: class org.apache.jmeter.report.processor.RequestsSummaryConsumer#stopProducing(): requestsSummary produced 0 samples
2023-07-20 21:32:47,804 INFO o.a.j.r.p.AbstractSampleConsumer: class org.apache.jmeter.report.processor.StatisticsSummaryConsumer#stopProducing(): statisticsSummary produced 0 samples
2023-07-20 21:32:47,808 INFO o.a.j.r.p.AbstractSampleConsumer: class org.apache.jmeter.report.processor.Top5ErrorsBySamplerConsumer#stopProducing(): top5ErrorsBySampler produced 0 samples
2023-07-20 21:32:47,808 INFO o.a.j.r.p.AbstractSampleConsumer: class org.apache.jmeter.report.processor.ErrorsSummaryConsumer#stopProducing(): errorsSummary produced 0 samples
2023-07-20 21:32:47,808 INFO o.a.j.r.p.AbstractSampleConsumer: class org.apache.jmeter.report.processor.graph.impl.HitsPerSecondGraphConsumer#stopProducing(): hitsPerSecond produced 0 samples
2023-07-20 21:32:47,884 INFO o.a.j.r.p.AbstractSampleConsumer: class org.apache.jmeter.report.processor.graph.impl.LatencyVSRequestGraphConsumer#stopProducing(): latencyVsRequest produced 0 samples
2023-07-20 21:32:47,884 INFO o.a.j.r.p.AbstractSampleConsumer: class org.apache.jmeter.report.processor.graph.impl.SyntheticResponseTimeDistributionGraphConsumer#stopProducing(): syntheticResponseTimeDistribution produced 0 samples
2023-07-20 21:32:47,885 INFO o.a.j.r.p.AbstractSampleConsumer: class org.apache.jmeter.report.processor.graph.impl.BytesThroughputGraphConsumer#stopProducing(): bytesThroughputOverTime produced 0 samples
2023-07-20 21:32:47,885 INFO o.a.j.r.p.AbstractSampleConsumer: class org.apache.jmeter.report.processor.graph.impl.CodesPerSecondGraphConsumer#stopProducing(): codesPerSecond produced 0 samples
2023-07-20 21:32:47,914 INFO o.a.j.r.p.AbstractSampleConsumer: class org.apache.jmeter.report.processor.graph.impl.ResponseTimeVSRequestGraphConsumer#stopProducing(): responseTimeVsRequest produced 0 samples
2023-07-20 21:32:47,915 INFO o.a.j.r.p.AbstractSampleConsumer: class org.apache.jmeter.report.processor.FilterConsumer#stopProducing(): startIntervalControlerFilter produced 10500 samples
2023-07-20 21:32:47,915 INFO o.a.j.r.p.AbstractSampleConsumer: class org.apache.jmeter.report.processor.graph.impl.TotalTPSGraphConsumer#stopProducing(): totalTPS produced 0 samples
2023-07-20 21:32:47,915 INFO o.a.j.r.p.AbstractSampleConsumer: class org.apache.jmeter.report.processor.graph.impl.ActiveThreadsGraphConsumer#stopProducing(): activeThreadsOverTime produced 0 samples
2023-07-20 21:32:47,915 INFO o.a.j.r.p.AbstractSampleConsumer: class org.apache.jmeter.report.processor.graph.impl.TimeVSThreadGraphConsumer#stopProducing(): timeVsThreads produced 0 samples
2023-07-20 21:32:47,917 INFO o.a.j.r.p.AbstractSampleConsumer: class org.apache.jmeter.report.processor.graph.impl.ResponseTimeDistributionGraphConsumer#stopProducing(): responseTimeDistribution produced 0 samples
2023-07-20 21:32:47,917 INFO o.a.j.r.p.AbstractSampleConsumer: class org.apache.jmeter.report.processor.graph.impl.TransactionsPerSecondGraphConsumer#stopProducing(): transactionsPerSecond produced 0 samples
2023-07-20 21:32:47,917 INFO o.a.j.r.p.AbstractSampleConsumer: class org.apache.jmeter.report.processor.graph.impl.ResponseTimePercentilesGraphConsumer#stopProducing(): responseTimePercentiles produced 0 samples
2023-07-20 21:32:47,924 INFO o.a.j.r.p.AbstractSampleConsumer: class org.apache.jmeter.report.processor.graph.impl.ResponseTimePercentilesOverTimeGraphConsumer#stopProducing(): responseTimePercentilesOverTime produced 0 samples
2023-07-20 21:32:47,925 INFO o.a.j.r.p.AbstractSampleConsumer: class org.apache.jmeter.report.processor.graph.impl.ResponseTimeOverTimeGraphConsumer#stopProducing(): responseTimesOverTime produced 0 samples
2023-07-20 21:32:47,926 INFO o.a.j.r.p.AbstractSampleConsumer: class org.apache.jmeter.report.processor.graph.impl.ConnectTimeOverTimeGraphConsumer#stopProducing(): connectTimeOverTime produced 0 samples
2023-07-20 21:32:47,926 INFO o.a.j.r.p.AbstractSampleConsumer: class org.apache.jmeter.report.processor.graph.impl.LatencyOverTimeGraphConsumer#stopProducing(): latenciesOverTime produced 0 samples
2023-07-20 21:32:47,926 INFO o.a.j.r.p.AbstractSampleConsumer: class org.apache.jmeter.report.processor.FilterConsumer#stopProducing(): nameFilter produced 22500 samples
2023-07-20 21:32:47,926 INFO o.a.j.r.p.AbstractSampleConsumer: class org.apache.jmeter.report.processor.FilterConsumer#stopProducing(): dateRangeFilter produced 4500 samples
2023-07-20 21:32:47,926 INFO o.a.j.r.p.AbstractSampleConsumer: class org.apache.jmeter.report.processor.NormalizerSampleConsumer#stopProducing(): normalizer produced 1500 samples
2023-07-20 21:32:47,927 INFO o.a.j.r.p.CsvFileSampleSource: produce(): 1500 samples produced in 414ms on channel 0
2023-07-20 21:32:47,927 INFO o.a.j.r.d.ReportGenerator: Exporting data using exporter:'json' of className:'org.apache.jmeter.report.dashboard.JsonExporter'
2023-07-20 21:32:48,187 INFO o.a.j.r.d.JsonExporter: Found data for consumer statisticsSummaryin context
2023-07-20 21:32:48,187 INFO o.a.j.r.d.JsonExporter: Creating statistics for overall
2023-07-20 21:32:48,188 INFO o.a.j.r.d.JsonExporter: Creating statistics for other transactions
2023-07-20 21:32:48,188 INFO o.a.j.r.d.JsonExporter: Checking output folder
2023-07-20 21:32:48,189 INFO o.a.j.r.d.JsonExporter: Writing statistics JSON to /Users/riyan/Documents/jmeter/report_output_folder/statistics.json
2023-07-20 21:32:48,254 INFO o.a.j.r.d.ReportGenerator: Exporting data using exporter:'html' of className:'org.apache.jmeter.report.dashboard.HtmlTemplateExporter'
2023-07-20 21:32:48,258 INFO o.a.j.r.d.HtmlTemplateExporter: Will generate dashboard in folder: /Users/riyan/Documents/jmeter/report_output_folder
2023-07-20 21:32:48,474 INFO o.a.j.r.d.HtmlTemplateExporter: Report will be generated in: /Users/riyan/Documents/jmeter/report_output_folder, creating folder structure
2023-07-20 21:32:48,478 INFO o.a.j.r.d.TemplateVisitor: Copying folder from '/usr/local/Cellar/jmeter/5.6.2/libexec/bin/report-template' to '/Users/riyan/Documents/jmeter/report_output_folder', got message: /Users/riyan/Documents/jmeter/report_output_folder, found non empty folder with following content [/Users/riyan/Documents/jmeter/report_output_folder/statistics.json], will be ignored
2023-07-20 21:32:49,153 INFO o.a.j.JMeter: Dashboard generated
